{"__type":"$$EventMessageWorkflow","id":"ddcca41f-2bd7-4792-81e6-d0ca19c32892","ts":"2025-06-15T21:30:28.988-04:00","eventName":"n8n.workflow.started","message":"n8n.workflow.started","payload":{"executionId":"49","workflowId":"4ZxamzAX31MTs7SB","isManual":false,"workflowName":"EVA Agent"}}
{"__type":"$$EventMessageConfirm","confirm":"ddcca41f-2bd7-4792-81e6-d0ca19c32892","ts":"2025-06-15T21:30:28.989-04:00","source":{"id":"0","name":"eventBus"}}
{"__type":"$$EventMessageNode","id":"b25d0985-b9fd-4899-9ec7-3b4ed58485c1","ts":"2025-06-15T21:30:28.990-04:00","eventName":"n8n.node.started","message":"n8n.node.started","payload":{"workflowId":"4ZxamzAX31MTs7SB","workflowName":"EVA Agent","executionId":"49","nodeType":"n8n-nodes-base.webhook","nodeName":"Webhook Trigger"}}
{"__type":"$$EventMessageConfirm","confirm":"b25d0985-b9fd-4899-9ec7-3b4ed58485c1","ts":"2025-06-15T21:30:28.990-04:00","source":{"id":"0","name":"eventBus"}}
{"__type":"$$EventMessageNode","id":"52649cc9-fb85-4213-8d2e-9efbd5a7e6ab","ts":"2025-06-15T21:30:28.991-04:00","eventName":"n8n.node.finished","message":"n8n.node.finished","payload":{"workflowId":"4ZxamzAX31MTs7SB","workflowName":"EVA Agent","executionId":"49","nodeType":"n8n-nodes-base.webhook","nodeName":"Webhook Trigger"}}
{"__type":"$$EventMessageConfirm","confirm":"52649cc9-fb85-4213-8d2e-9efbd5a7e6ab","ts":"2025-06-15T21:30:28.991-04:00","source":{"id":"0","name":"eventBus"}}
{"__type":"$$EventMessageNode","id":"39fa7da0-41ba-4640-a052-67d70ac734d6","ts":"2025-06-15T21:30:28.991-04:00","eventName":"n8n.node.started","message":"n8n.node.started","payload":{"workflowId":"4ZxamzAX31MTs7SB","workflowName":"EVA Agent","executionId":"49","nodeType":"n8n-nodes-base.function","nodeName":"Format Response"}}
{"__type":"$$EventMessageConfirm","confirm":"39fa7da0-41ba-4640-a052-67d70ac734d6","ts":"2025-06-15T21:30:28.991-04:00","source":{"id":"0","name":"eventBus"}}
{"__type":"$$EventMessageNode","id":"995a1b79-5f43-4e1a-9cd9-0c869d003b03","ts":"2025-06-15T21:30:29.026-04:00","eventName":"n8n.node.finished","message":"n8n.node.finished","payload":{"workflowId":"4ZxamzAX31MTs7SB","workflowName":"EVA Agent","executionId":"49","nodeType":"n8n-nodes-base.function","nodeName":"Format Response"}}
{"__type":"$$EventMessageConfirm","confirm":"995a1b79-5f43-4e1a-9cd9-0c869d003b03","ts":"2025-06-15T21:30:29.026-04:00","source":{"id":"0","name":"eventBus"}}
{"__type":"$$EventMessageNode","id":"0bb7b45d-b03c-425a-9306-c8bd82c51b45","ts":"2025-06-15T21:30:29.027-04:00","eventName":"n8n.node.started","message":"n8n.node.started","payload":{"workflowId":"4ZxamzAX31MTs7SB","workflowName":"EVA Agent","executionId":"49","nodeType":"n8n-nodes-base.respondToWebhook","nodeName":"Return Response"}}
{"__type":"$$EventMessageConfirm","confirm":"0bb7b45d-b03c-425a-9306-c8bd82c51b45","ts":"2025-06-15T21:30:29.027-04:00","source":{"id":"0","name":"eventBus"}}
{"__type":"$$EventMessageNode","id":"a49703f9-dc05-4384-8b70-ea0e5c246d19","ts":"2025-06-15T21:30:29.028-04:00","eventName":"n8n.node.finished","message":"n8n.node.finished","payload":{"workflowId":"4ZxamzAX31MTs7SB","workflowName":"EVA Agent","executionId":"49","nodeType":"n8n-nodes-base.respondToWebhook","nodeName":"Return Response"}}
{"__type":"$$EventMessageConfirm","confirm":"a49703f9-dc05-4384-8b70-ea0e5c246d19","ts":"2025-06-15T21:30:29.028-04:00","source":{"id":"0","name":"eventBus"}}
{"__type":"$$EventMessageWorkflow","id":"28c21625-b3bf-4d52-85d1-6897dd192775","ts":"2025-06-15T21:30:29.029-04:00","eventName":"n8n.workflow.success","message":"n8n.workflow.success","payload":{"executionId":"49","success":true,"isManual":false,"workflowId":"4ZxamzAX31MTs7SB","workflowName":"EVA Agent"}}
{"__type":"$$EventMessageConfirm","confirm":"28c21625-b3bf-4d52-85d1-6897dd192775","ts":"2025-06-15T21:30:29.029-04:00","source":{"id":"0","name":"eventBus"}}
{"__type":"$$EventMessageAudit","id":"2bb3414c-bf2a-4595-9f74-2f94d0105185","ts":"2025-06-15T22:19:56.234-04:00","eventName":"n8n.audit.workflow.updated","message":"n8n.audit.workflow.updated","payload":{"userId":"c5cb0985-1a8f-43cf-a6ba-15e1f23e06bf","_email":"lastbenchers.esportsclub@gmail.com","_firstName":"Riley","_lastName":"Zt","globalRole":"global:owner","workflowId":"4ZxamzAX31MTs7SB","workflowName":"EVA Agent"}}
{"__type":"$$EventMessageConfirm","confirm":"2bb3414c-bf2a-4595-9f74-2f94d0105185","ts":"2025-06-15T22:19:56.235-04:00","source":{"id":"0","name":"eventBus"}}
{"__type":"$$EventMessageAudit","id":"0bd193cf-9704-4a46-8575-61854c9e411c","ts":"2025-06-15T22:19:57.465-04:00","eventName":"n8n.audit.workflow.updated","message":"n8n.audit.workflow.updated","payload":{"userId":"c5cb0985-1a8f-43cf-a6ba-15e1f23e06bf","_email":"lastbenchers.esportsclub@gmail.com","_firstName":"Riley","_lastName":"Zt","globalRole":"global:owner","workflowId":"4ZxamzAX31MTs7SB","workflowName":"EVA Agent"}}
{"__type":"$$EventMessageConfirm","confirm":"0bd193cf-9704-4a46-8575-61854c9e411c","ts":"2025-06-15T22:19:57.465-04:00","source":{"id":"0","name":"eventBus"}}
{"__type":"$$EventMessageWorkflow","id":"ee04664f-2ee9-4e20-9341-3bfe20257cf7","ts":"2025-06-15T22:20:43.528-04:00","eventName":"n8n.workflow.started","message":"n8n.workflow.started","payload":{"executionId":"50","workflowId":"4ZxamzAX31MTs7SB","isManual":false,"workflowName":"EVA Agent"}}
{"__type":"$$EventMessageConfirm","confirm":"ee04664f-2ee9-4e20-9341-3bfe20257cf7","ts":"2025-06-15T22:20:43.529-04:00","source":{"id":"0","name":"eventBus"}}
{"__type":"$$EventMessageNode","id":"6828b2d4-8b48-49da-8a6c-e2c5191eafeb","ts":"2025-06-15T22:20:43.529-04:00","eventName":"n8n.node.started","message":"n8n.node.started","payload":{"workflowId":"4ZxamzAX31MTs7SB","workflowName":"EVA Agent","executionId":"50","nodeType":"n8n-nodes-base.webhook","nodeName":"Webhook Trigger"}}
{"__type":"$$EventMessageConfirm","confirm":"6828b2d4-8b48-49da-8a6c-e2c5191eafeb","ts":"2025-06-15T22:20:43.530-04:00","source":{"id":"0","name":"eventBus"}}
{"__type":"$$EventMessageNode","id":"ec6acf4a-8ed6-4ae9-b510-895a01b01e3f","ts":"2025-06-15T22:20:43.530-04:00","eventName":"n8n.node.finished","message":"n8n.node.finished","payload":{"workflowId":"4ZxamzAX31MTs7SB","workflowName":"EVA Agent","executionId":"50","nodeType":"n8n-nodes-base.webhook","nodeName":"Webhook Trigger"}}
{"__type":"$$EventMessageConfirm","confirm":"ec6acf4a-8ed6-4ae9-b510-895a01b01e3f","ts":"2025-06-15T22:20:43.530-04:00","source":{"id":"0","name":"eventBus"}}
{"__type":"$$EventMessageNode","id":"464f2e6e-b084-427f-95f4-91833d3369f6","ts":"2025-06-15T22:20:43.530-04:00","eventName":"n8n.node.started","message":"n8n.node.started","payload":{"workflowId":"4ZxamzAX31MTs7SB","workflowName":"EVA Agent","executionId":"50","nodeType":"n8n-nodes-base.function","nodeName":"Format Response"}}
{"__type":"$$EventMessageConfirm","confirm":"464f2e6e-b084-427f-95f4-91833d3369f6","ts":"2025-06-15T22:20:43.530-04:00","source":{"id":"0","name":"eventBus"}}
{"__type":"$$EventMessageNode","id":"feaccc8e-1d35-4445-8698-d0abdd813de8","ts":"2025-06-15T22:20:43.556-04:00","eventName":"n8n.node.finished","message":"n8n.node.finished","payload":{"workflowId":"4ZxamzAX31MTs7SB","workflowName":"EVA Agent","executionId":"50","nodeType":"n8n-nodes-base.function","nodeName":"Format Response"}}
{"__type":"$$EventMessageConfirm","confirm":"feaccc8e-1d35-4445-8698-d0abdd813de8","ts":"2025-06-15T22:20:43.557-04:00","source":{"id":"0","name":"eventBus"}}
{"__type":"$$EventMessageNode","id":"9893572d-525d-4597-955b-c0a4c3ff2ea7","ts":"2025-06-15T22:20:43.557-04:00","eventName":"n8n.node.started","message":"n8n.node.started","payload":{"workflowId":"4ZxamzAX31MTs7SB","workflowName":"EVA Agent","executionId":"50","nodeType":"n8n-nodes-base.respondToWebhook","nodeName":"Return Response"}}
{"__type":"$$EventMessageConfirm","confirm":"9893572d-525d-4597-955b-c0a4c3ff2ea7","ts":"2025-06-15T22:20:43.557-04:00","source":{"id":"0","name":"eventBus"}}
{"__type":"$$EventMessageNode","id":"e78373f6-0bb5-431a-bd59-5444307abbf0","ts":"2025-06-15T22:20:43.558-04:00","eventName":"n8n.node.finished","message":"n8n.node.finished","payload":{"workflowId":"4ZxamzAX31MTs7SB","workflowName":"EVA Agent","executionId":"50","nodeType":"n8n-nodes-base.respondToWebhook","nodeName":"Return Response"}}
{"__type":"$$EventMessageConfirm","confirm":"e78373f6-0bb5-431a-bd59-5444307abbf0","ts":"2025-06-15T22:20:43.558-04:00","source":{"id":"0","name":"eventBus"}}
{"__type":"$$EventMessageWorkflow","id":"451a43cf-4ff6-49d6-a7ad-c7a421815437","ts":"2025-06-15T22:20:43.559-04:00","eventName":"n8n.workflow.success","message":"n8n.workflow.success","payload":{"executionId":"50","success":true,"isManual":false,"workflowId":"4ZxamzAX31MTs7SB","workflowName":"EVA Agent"}}
{"__type":"$$EventMessageConfirm","confirm":"451a43cf-4ff6-49d6-a7ad-c7a421815437","ts":"2025-06-15T22:20:43.559-04:00","source":{"id":"0","name":"eventBus"}}
{"__type":"$$EventMessageWorkflow","id":"a8f22903-abce-41f2-b8cc-5baef78c85c6","ts":"2025-06-15T22:36:12.094-04:00","eventName":"n8n.workflow.started","message":"n8n.workflow.started","payload":{"executionId":"51","workflowId":"4ZxamzAX31MTs7SB","isManual":false,"workflowName":"EVA Agent"}}
{"__type":"$$EventMessageConfirm","confirm":"a8f22903-abce-41f2-b8cc-5baef78c85c6","ts":"2025-06-15T22:36:12.094-04:00","source":{"id":"0","name":"eventBus"}}
{"__type":"$$EventMessageNode","id":"16acca4c-c812-415b-8ddb-cb3ef924aaa1","ts":"2025-06-15T22:36:12.095-04:00","eventName":"n8n.node.started","message":"n8n.node.started","payload":{"workflowId":"4ZxamzAX31MTs7SB","workflowName":"EVA Agent","executionId":"51","nodeType":"n8n-nodes-base.webhook","nodeName":"Webhook Trigger"}}
{"__type":"$$EventMessageConfirm","confirm":"16acca4c-c812-415b-8ddb-cb3ef924aaa1","ts":"2025-06-15T22:36:12.095-04:00","source":{"id":"0","name":"eventBus"}}
{"__type":"$$EventMessageNode","id":"be9573ad-e69c-4dfd-bdb9-f595473f8789","ts":"2025-06-15T22:36:12.095-04:00","eventName":"n8n.node.finished","message":"n8n.node.finished","payload":{"workflowId":"4ZxamzAX31MTs7SB","workflowName":"EVA Agent","executionId":"51","nodeType":"n8n-nodes-base.webhook","nodeName":"Webhook Trigger"}}
{"__type":"$$EventMessageConfirm","confirm":"be9573ad-e69c-4dfd-bdb9-f595473f8789","ts":"2025-06-15T22:36:12.095-04:00","source":{"id":"0","name":"eventBus"}}
{"__type":"$$EventMessageNode","id":"4b039d1d-7e3e-4b67-98ad-dbf9999bc0b9","ts":"2025-06-15T22:36:12.095-04:00","eventName":"n8n.node.started","message":"n8n.node.started","payload":{"workflowId":"4ZxamzAX31MTs7SB","workflowName":"EVA Agent","executionId":"51","nodeType":"n8n-nodes-base.function","nodeName":"Format Response"}}
{"__type":"$$EventMessageConfirm","confirm":"4b039d1d-7e3e-4b67-98ad-dbf9999bc0b9","ts":"2025-06-15T22:36:12.095-04:00","source":{"id":"0","name":"eventBus"}}
{"__type":"$$EventMessageNode","id":"dfa40625-913e-46b2-8df7-c5c633ddfb8b","ts":"2025-06-15T22:36:12.102-04:00","eventName":"n8n.node.finished","message":"n8n.node.finished","payload":{"workflowId":"4ZxamzAX31MTs7SB","workflowName":"EVA Agent","executionId":"51","nodeType":"n8n-nodes-base.function","nodeName":"Format Response"}}
{"__type":"$$EventMessageConfirm","confirm":"dfa40625-913e-46b2-8df7-c5c633ddfb8b","ts":"2025-06-15T22:36:12.102-04:00","source":{"id":"0","name":"eventBus"}}
{"__type":"$$EventMessageNode","id":"a11f2e4c-4b6f-4c4a-bf46-482a9191152f","ts":"2025-06-15T22:36:12.102-04:00","eventName":"n8n.node.started","message":"n8n.node.started","payload":{"workflowId":"4ZxamzAX31MTs7SB","workflowName":"EVA Agent","executionId":"51","nodeType":"n8n-nodes-base.respondToWebhook","nodeName":"Return Response"}}
{"__type":"$$EventMessageConfirm","confirm":"a11f2e4c-4b6f-4c4a-bf46-482a9191152f","ts":"2025-06-15T22:36:12.102-04:00","source":{"id":"0","name":"eventBus"}}
{"__type":"$$EventMessageNode","id":"2ad5e31a-8477-4eb3-a719-54b6e9b866cf","ts":"2025-06-15T22:36:12.103-04:00","eventName":"n8n.node.finished","message":"n8n.node.finished","payload":{"workflowId":"4ZxamzAX31MTs7SB","workflowName":"EVA Agent","executionId":"51","nodeType":"n8n-nodes-base.respondToWebhook","nodeName":"Return Response"}}
{"__type":"$$EventMessageConfirm","confirm":"2ad5e31a-8477-4eb3-a719-54b6e9b866cf","ts":"2025-06-15T22:36:12.103-04:00","source":{"id":"0","name":"eventBus"}}
{"__type":"$$EventMessageWorkflow","id":"acc7e7ed-188f-493e-a247-efa1fce05e37","ts":"2025-06-15T22:36:12.103-04:00","eventName":"n8n.workflow.success","message":"n8n.workflow.success","payload":{"executionId":"51","success":true,"isManual":false,"workflowId":"4ZxamzAX31MTs7SB","workflowName":"EVA Agent"}}
{"__type":"$$EventMessageConfirm","confirm":"acc7e7ed-188f-493e-a247-efa1fce05e37","ts":"2025-06-15T22:36:12.104-04:00","source":{"id":"0","name":"eventBus"}}
{"__type":"$$EventMessageWorkflow","id":"5e6a8df0-159d-49ff-acd6-4aff1a534617","ts":"2025-06-15T22:43:39.776-04:00","eventName":"n8n.workflow.started","message":"n8n.workflow.started","payload":{"executionId":"52","workflowId":"4ZxamzAX31MTs7SB","isManual":false,"workflowName":"EVA Agent"}}
{"__type":"$$EventMessageConfirm","confirm":"5e6a8df0-159d-49ff-acd6-4aff1a534617","ts":"2025-06-15T22:43:39.776-04:00","source":{"id":"0","name":"eventBus"}}
{"__type":"$$EventMessageNode","id":"80edfc3b-a171-441c-9ce4-fb842cbf115b","ts":"2025-06-15T22:43:39.776-04:00","eventName":"n8n.node.started","message":"n8n.node.started","payload":{"workflowId":"4ZxamzAX31MTs7SB","workflowName":"EVA Agent","executionId":"52","nodeType":"n8n-nodes-base.webhook","nodeName":"Webhook Trigger"}}
{"__type":"$$EventMessageConfirm","confirm":"80edfc3b-a171-441c-9ce4-fb842cbf115b","ts":"2025-06-15T22:43:39.776-04:00","source":{"id":"0","name":"eventBus"}}
{"__type":"$$EventMessageNode","id":"703f5452-6349-4dd5-a34b-c1d1f48155e4","ts":"2025-06-15T22:43:39.777-04:00","eventName":"n8n.node.finished","message":"n8n.node.finished","payload":{"workflowId":"4ZxamzAX31MTs7SB","workflowName":"EVA Agent","executionId":"52","nodeType":"n8n-nodes-base.webhook","nodeName":"Webhook Trigger"}}
{"__type":"$$EventMessageConfirm","confirm":"703f5452-6349-4dd5-a34b-c1d1f48155e4","ts":"2025-06-15T22:43:39.777-04:00","source":{"id":"0","name":"eventBus"}}
{"__type":"$$EventMessageNode","id":"6bdd7659-a356-4de1-8f3d-78f13085118d","ts":"2025-06-15T22:43:39.777-04:00","eventName":"n8n.node.started","message":"n8n.node.started","payload":{"workflowId":"4ZxamzAX31MTs7SB","workflowName":"EVA Agent","executionId":"52","nodeType":"n8n-nodes-base.function","nodeName":"Format Response"}}
{"__type":"$$EventMessageConfirm","confirm":"6bdd7659-a356-4de1-8f3d-78f13085118d","ts":"2025-06-15T22:43:39.777-04:00","source":{"id":"0","name":"eventBus"}}
{"__type":"$$EventMessageNode","id":"8729155a-cfe5-4139-b5b8-f16715c8074a","ts":"2025-06-15T22:43:39.785-04:00","eventName":"n8n.node.finished","message":"n8n.node.finished","payload":{"workflowId":"4ZxamzAX31MTs7SB","workflowName":"EVA Agent","executionId":"52","nodeType":"n8n-nodes-base.function","nodeName":"Format Response"}}
{"__type":"$$EventMessageConfirm","confirm":"8729155a-cfe5-4139-b5b8-f16715c8074a","ts":"2025-06-15T22:43:39.785-04:00","source":{"id":"0","name":"eventBus"}}
{"__type":"$$EventMessageNode","id":"f105a846-05a8-4090-9462-2ed92cb88dc3","ts":"2025-06-15T22:43:39.785-04:00","eventName":"n8n.node.started","message":"n8n.node.started","payload":{"workflowId":"4ZxamzAX31MTs7SB","workflowName":"EVA Agent","executionId":"52","nodeType":"n8n-nodes-base.respondToWebhook","nodeName":"Return Response"}}
{"__type":"$$EventMessageConfirm","confirm":"f105a846-05a8-4090-9462-2ed92cb88dc3","ts":"2025-06-15T22:43:39.785-04:00","source":{"id":"0","name":"eventBus"}}
{"__type":"$$EventMessageNode","id":"b06e491a-beac-4863-a7ae-0f8048fb6ca2","ts":"2025-06-15T22:43:39.786-04:00","eventName":"n8n.node.finished","message":"n8n.node.finished","payload":{"workflowId":"4ZxamzAX31MTs7SB","workflowName":"EVA Agent","executionId":"52","nodeType":"n8n-nodes-base.respondToWebhook","nodeName":"Return Response"}}
{"__type":"$$EventMessageConfirm","confirm":"b06e491a-beac-4863-a7ae-0f8048fb6ca2","ts":"2025-06-15T22:43:39.786-04:00","source":{"id":"0","name":"eventBus"}}
{"__type":"$$EventMessageWorkflow","id":"33b7f32a-5434-4339-bd8e-de3ecefbf365","ts":"2025-06-15T22:43:39.787-04:00","eventName":"n8n.workflow.success","message":"n8n.workflow.success","payload":{"executionId":"52","success":true,"isManual":false,"workflowId":"4ZxamzAX31MTs7SB","workflowName":"EVA Agent"}}
{"__type":"$$EventMessageConfirm","confirm":"33b7f32a-5434-4339-bd8e-de3ecefbf365","ts":"2025-06-15T22:43:39.787-04:00","source":{"id":"0","name":"eventBus"}}
{"__type":"$$EventMessageWorkflow","id":"c4644b53-d4a3-42a2-ae91-14d696a16122","ts":"2025-06-15T23:05:55.590-04:00","eventName":"n8n.workflow.started","message":"n8n.workflow.started","payload":{"executionId":"53","workflowId":"4ZxamzAX31MTs7SB","isManual":false,"workflowName":"EVA Agent"}}
{"__type":"$$EventMessageConfirm","confirm":"c4644b53-d4a3-42a2-ae91-14d696a16122","ts":"2025-06-15T23:05:55.590-04:00","source":{"id":"0","name":"eventBus"}}
{"__type":"$$EventMessageNode","id":"49e183a0-e4ab-46f5-a813-1a0df3d821f1","ts":"2025-06-15T23:05:55.590-04:00","eventName":"n8n.node.started","message":"n8n.node.started","payload":{"workflowId":"4ZxamzAX31MTs7SB","workflowName":"EVA Agent","executionId":"53","nodeType":"n8n-nodes-base.webhook","nodeName":"Webhook Trigger"}}
{"__type":"$$EventMessageConfirm","confirm":"49e183a0-e4ab-46f5-a813-1a0df3d821f1","ts":"2025-06-15T23:05:55.591-04:00","source":{"id":"0","name":"eventBus"}}
{"__type":"$$EventMessageNode","id":"c374a384-06a1-4b31-8065-53f0c407738d","ts":"2025-06-15T23:05:55.591-04:00","eventName":"n8n.node.finished","message":"n8n.node.finished","payload":{"workflowId":"4ZxamzAX31MTs7SB","workflowName":"EVA Agent","executionId":"53","nodeType":"n8n-nodes-base.webhook","nodeName":"Webhook Trigger"}}
{"__type":"$$EventMessageConfirm","confirm":"c374a384-06a1-4b31-8065-53f0c407738d","ts":"2025-06-15T23:05:55.591-04:00","source":{"id":"0","name":"eventBus"}}
{"__type":"$$EventMessageNode","id":"ef2611d3-6592-4998-9f45-7ef4aba53060","ts":"2025-06-15T23:05:55.591-04:00","eventName":"n8n.node.started","message":"n8n.node.started","payload":{"workflowId":"4ZxamzAX31MTs7SB","workflowName":"EVA Agent","executionId":"53","nodeType":"n8n-nodes-base.function","nodeName":"Format Response"}}
{"__type":"$$EventMessageConfirm","confirm":"ef2611d3-6592-4998-9f45-7ef4aba53060","ts":"2025-06-15T23:05:55.591-04:00","source":{"id":"0","name":"eventBus"}}
{"__type":"$$EventMessageNode","id":"1c316ad4-e279-4395-9c39-d0353ae66759","ts":"2025-06-15T23:05:55.599-04:00","eventName":"n8n.node.finished","message":"n8n.node.finished","payload":{"workflowId":"4ZxamzAX31MTs7SB","workflowName":"EVA Agent","executionId":"53","nodeType":"n8n-nodes-base.function","nodeName":"Format Response"}}
{"__type":"$$EventMessageConfirm","confirm":"1c316ad4-e279-4395-9c39-d0353ae66759","ts":"2025-06-15T23:05:55.599-04:00","source":{"id":"0","name":"eventBus"}}
{"__type":"$$EventMessageNode","id":"ff2a0d89-e711-4c51-8ee8-56866a8fbeb2","ts":"2025-06-15T23:05:55.599-04:00","eventName":"n8n.node.started","message":"n8n.node.started","payload":{"workflowId":"4ZxamzAX31MTs7SB","workflowName":"EVA Agent","executionId":"53","nodeType":"n8n-nodes-base.respondToWebhook","nodeName":"Return Response"}}
{"__type":"$$EventMessageConfirm","confirm":"ff2a0d89-e711-4c51-8ee8-56866a8fbeb2","ts":"2025-06-15T23:05:55.599-04:00","source":{"id":"0","name":"eventBus"}}
{"__type":"$$EventMessageNode","id":"e7ec24de-fffe-4aa7-acc5-8622fae61df1","ts":"2025-06-15T23:05:55.600-04:00","eventName":"n8n.node.finished","message":"n8n.node.finished","payload":{"workflowId":"4ZxamzAX31MTs7SB","workflowName":"EVA Agent","executionId":"53","nodeType":"n8n-nodes-base.respondToWebhook","nodeName":"Return Response"}}
{"__type":"$$EventMessageConfirm","confirm":"e7ec24de-fffe-4aa7-acc5-8622fae61df1","ts":"2025-06-15T23:05:55.600-04:00","source":{"id":"0","name":"eventBus"}}
{"__type":"$$EventMessageWorkflow","id":"aca6eee3-3b46-463c-9e1a-961ee956a0b5","ts":"2025-06-15T23:05:55.600-04:00","eventName":"n8n.workflow.success","message":"n8n.workflow.success","payload":{"executionId":"53","success":true,"isManual":false,"workflowId":"4ZxamzAX31MTs7SB","workflowName":"EVA Agent"}}
{"__type":"$$EventMessageConfirm","confirm":"aca6eee3-3b46-463c-9e1a-961ee956a0b5","ts":"2025-06-15T23:05:55.600-04:00","source":{"id":"0","name":"eventBus"}}
{"__type":"$$EventMessageWorkflow","id":"f4903048-d8a2-4e1f-bb35-8022f809e14d","ts":"2025-06-15T23:10:34.721-04:00","eventName":"n8n.workflow.started","message":"n8n.workflow.started","payload":{"executionId":"54","workflowId":"4ZxamzAX31MTs7SB","isManual":false,"workflowName":"EVA Agent"}}
{"__type":"$$EventMessageConfirm","confirm":"f4903048-d8a2-4e1f-bb35-8022f809e14d","ts":"2025-06-15T23:10:34.721-04:00","source":{"id":"0","name":"eventBus"}}
{"__type":"$$EventMessageNode","id":"b0dd3cfe-3d72-4e0f-85ed-3a06e6b89982","ts":"2025-06-15T23:10:34.722-04:00","eventName":"n8n.node.started","message":"n8n.node.started","payload":{"workflowId":"4ZxamzAX31MTs7SB","workflowName":"EVA Agent","executionId":"54","nodeType":"n8n-nodes-base.webhook","nodeName":"Webhook Trigger"}}
{"__type":"$$EventMessageConfirm","confirm":"b0dd3cfe-3d72-4e0f-85ed-3a06e6b89982","ts":"2025-06-15T23:10:34.722-04:00","source":{"id":"0","name":"eventBus"}}
{"__type":"$$EventMessageNode","id":"06543461-a29e-4afe-bffb-0111f56f29a1","ts":"2025-06-15T23:10:34.722-04:00","eventName":"n8n.node.finished","message":"n8n.node.finished","payload":{"workflowId":"4ZxamzAX31MTs7SB","workflowName":"EVA Agent","executionId":"54","nodeType":"n8n-nodes-base.webhook","nodeName":"Webhook Trigger"}}
{"__type":"$$EventMessageConfirm","confirm":"06543461-a29e-4afe-bffb-0111f56f29a1","ts":"2025-06-15T23:10:34.722-04:00","source":{"id":"0","name":"eventBus"}}
{"__type":"$$EventMessageNode","id":"e251fd8a-c485-4a35-a8a0-7b7d7e3abf47","ts":"2025-06-15T23:10:34.722-04:00","eventName":"n8n.node.started","message":"n8n.node.started","payload":{"workflowId":"4ZxamzAX31MTs7SB","workflowName":"EVA Agent","executionId":"54","nodeType":"n8n-nodes-base.function","nodeName":"Format Response"}}
{"__type":"$$EventMessageConfirm","confirm":"e251fd8a-c485-4a35-a8a0-7b7d7e3abf47","ts":"2025-06-15T23:10:34.722-04:00","source":{"id":"0","name":"eventBus"}}
{"__type":"$$EventMessageNode","id":"d6c29461-8fae-4509-a445-66fd71fc532c","ts":"2025-06-15T23:10:34.727-04:00","eventName":"n8n.node.finished","message":"n8n.node.finished","payload":{"workflowId":"4ZxamzAX31MTs7SB","workflowName":"EVA Agent","executionId":"54","nodeType":"n8n-nodes-base.function","nodeName":"Format Response"}}
{"__type":"$$EventMessageConfirm","confirm":"d6c29461-8fae-4509-a445-66fd71fc532c","ts":"2025-06-15T23:10:34.728-04:00","source":{"id":"0","name":"eventBus"}}
{"__type":"$$EventMessageNode","id":"aeabe152-2e43-4b16-b07d-11452fdb8007","ts":"2025-06-15T23:10:34.728-04:00","eventName":"n8n.node.started","message":"n8n.node.started","payload":{"workflowId":"4ZxamzAX31MTs7SB","workflowName":"EVA Agent","executionId":"54","nodeType":"n8n-nodes-base.respondToWebhook","nodeName":"Return Response"}}
{"__type":"$$EventMessageConfirm","confirm":"aeabe152-2e43-4b16-b07d-11452fdb8007","ts":"2025-06-15T23:10:34.728-04:00","source":{"id":"0","name":"eventBus"}}
{"__type":"$$EventMessageNode","id":"685b6a99-8e9c-4452-a6e7-e1aeea15c6e9","ts":"2025-06-15T23:10:34.728-04:00","eventName":"n8n.node.finished","message":"n8n.node.finished","payload":{"workflowId":"4ZxamzAX31MTs7SB","workflowName":"EVA Agent","executionId":"54","nodeType":"n8n-nodes-base.respondToWebhook","nodeName":"Return Response"}}
{"__type":"$$EventMessageConfirm","confirm":"685b6a99-8e9c-4452-a6e7-e1aeea15c6e9","ts":"2025-06-15T23:10:34.728-04:00","source":{"id":"0","name":"eventBus"}}
{"__type":"$$EventMessageWorkflow","id":"26fccfb8-5972-4623-814d-d7cab6f32f10","ts":"2025-06-15T23:10:34.728-04:00","eventName":"n8n.workflow.success","message":"n8n.workflow.success","payload":{"executionId":"54","success":true,"isManual":false,"workflowId":"4ZxamzAX31MTs7SB","workflowName":"EVA Agent"}}
{"__type":"$$EventMessageConfirm","confirm":"26fccfb8-5972-4623-814d-d7cab6f32f10","ts":"2025-06-15T23:10:34.728-04:00","source":{"id":"0","name":"eventBus"}}
{"__type":"$$EventMessageWorkflow","id":"0af20486-89bb-4371-bfe0-a5f508e12fe2","ts":"2025-06-15T23:46:02.221-04:00","eventName":"n8n.workflow.started","message":"n8n.workflow.started","payload":{"executionId":"55","workflowId":"4ZxamzAX31MTs7SB","isManual":false,"workflowName":"EVA Agent"}}
{"__type":"$$EventMessageConfirm","confirm":"0af20486-89bb-4371-bfe0-a5f508e12fe2","ts":"2025-06-15T23:46:02.222-04:00","source":{"id":"0","name":"eventBus"}}
{"__type":"$$EventMessageNode","id":"e44f449c-e991-41ad-852b-ca3a81afe557","ts":"2025-06-15T23:46:02.222-04:00","eventName":"n8n.node.started","message":"n8n.node.started","payload":{"workflowId":"4ZxamzAX31MTs7SB","workflowName":"EVA Agent","executionId":"55","nodeType":"n8n-nodes-base.webhook","nodeName":"Webhook Trigger"}}
{"__type":"$$EventMessageConfirm","confirm":"e44f449c-e991-41ad-852b-ca3a81afe557","ts":"2025-06-15T23:46:02.222-04:00","source":{"id":"0","name":"eventBus"}}
{"__type":"$$EventMessageNode","id":"5ede91ff-7e16-4271-b807-62eacf4266e4","ts":"2025-06-15T23:46:02.223-04:00","eventName":"n8n.node.finished","message":"n8n.node.finished","payload":{"workflowId":"4ZxamzAX31MTs7SB","workflowName":"EVA Agent","executionId":"55","nodeType":"n8n-nodes-base.webhook","nodeName":"Webhook Trigger"}}
{"__type":"$$EventMessageConfirm","confirm":"5ede91ff-7e16-4271-b807-62eacf4266e4","ts":"2025-06-15T23:46:02.223-04:00","source":{"id":"0","name":"eventBus"}}
{"__type":"$$EventMessageNode","id":"1f64c703-1acd-458a-811d-811c153ce8b7","ts":"2025-06-15T23:46:02.223-04:00","eventName":"n8n.node.started","message":"n8n.node.started","payload":{"workflowId":"4ZxamzAX31MTs7SB","workflowName":"EVA Agent","executionId":"55","nodeType":"n8n-nodes-base.function","nodeName":"Format Response"}}
{"__type":"$$EventMessageConfirm","confirm":"1f64c703-1acd-458a-811d-811c153ce8b7","ts":"2025-06-15T23:46:02.223-04:00","source":{"id":"0","name":"eventBus"}}
{"__type":"$$EventMessageNode","id":"395a98c9-682d-4e94-aa7e-1165a5664da7","ts":"2025-06-15T23:46:02.231-04:00","eventName":"n8n.node.finished","message":"n8n.node.finished","payload":{"workflowId":"4ZxamzAX31MTs7SB","workflowName":"EVA Agent","executionId":"55","nodeType":"n8n-nodes-base.function","nodeName":"Format Response"}}
{"__type":"$$EventMessageConfirm","confirm":"395a98c9-682d-4e94-aa7e-1165a5664da7","ts":"2025-06-15T23:46:02.231-04:00","source":{"id":"0","name":"eventBus"}}
{"__type":"$$EventMessageNode","id":"ff22765e-b8c1-4db7-8abd-a2c0a50dab4e","ts":"2025-06-15T23:46:02.231-04:00","eventName":"n8n.node.started","message":"n8n.node.started","payload":{"workflowId":"4ZxamzAX31MTs7SB","workflowName":"EVA Agent","executionId":"55","nodeType":"n8n-nodes-base.respondToWebhook","nodeName":"Return Response"}}
{"__type":"$$EventMessageConfirm","confirm":"ff22765e-b8c1-4db7-8abd-a2c0a50dab4e","ts":"2025-06-15T23:46:02.231-04:00","source":{"id":"0","name":"eventBus"}}
{"__type":"$$EventMessageNode","id":"4e0fcaf1-49ff-4da5-ab3f-6b5eb3f86297","ts":"2025-06-15T23:46:02.232-04:00","eventName":"n8n.node.finished","message":"n8n.node.finished","payload":{"workflowId":"4ZxamzAX31MTs7SB","workflowName":"EVA Agent","executionId":"55","nodeType":"n8n-nodes-base.respondToWebhook","nodeName":"Return Response"}}
{"__type":"$$EventMessageConfirm","confirm":"4e0fcaf1-49ff-4da5-ab3f-6b5eb3f86297","ts":"2025-06-15T23:46:02.232-04:00","source":{"id":"0","name":"eventBus"}}
{"__type":"$$EventMessageWorkflow","id":"8dc43aff-f74b-4010-b2b2-b0f0d5c9c1fb","ts":"2025-06-15T23:46:02.232-04:00","eventName":"n8n.workflow.success","message":"n8n.workflow.success","payload":{"executionId":"55","success":true,"isManual":false,"workflowId":"4ZxamzAX31MTs7SB","workflowName":"EVA Agent"}}
{"__type":"$$EventMessageConfirm","confirm":"8dc43aff-f74b-4010-b2b2-b0f0d5c9c1fb","ts":"2025-06-15T23:46:02.233-04:00","source":{"id":"0","name":"eventBus"}}
{"__type":"$$EventMessageWorkflow","id":"0c2997c1-dd71-4f45-a4bf-4264ebd004b1","ts":"2025-06-16T01:20:17.685-04:00","eventName":"n8n.workflow.started","message":"n8n.workflow.started","payload":{"executionId":"56","workflowId":"4ZxamzAX31MTs7SB","isManual":false,"workflowName":"EVA Agent"}}
{"__type":"$$EventMessageConfirm","confirm":"0c2997c1-dd71-4f45-a4bf-4264ebd004b1","ts":"2025-06-16T01:20:17.686-04:00","source":{"id":"0","name":"eventBus"}}
{"__type":"$$EventMessageNode","id":"cc924b05-8be4-4e28-a420-4df4fd71b611","ts":"2025-06-16T01:20:17.687-04:00","eventName":"n8n.node.started","message":"n8n.node.started","payload":{"workflowId":"4ZxamzAX31MTs7SB","workflowName":"EVA Agent","executionId":"56","nodeType":"n8n-nodes-base.webhook","nodeName":"Webhook Trigger"}}
{"__type":"$$EventMessageConfirm","confirm":"cc924b05-8be4-4e28-a420-4df4fd71b611","ts":"2025-06-16T01:20:17.687-04:00","source":{"id":"0","name":"eventBus"}}
{"__type":"$$EventMessageNode","id":"d90b38da-e73c-4bfa-ae66-0a2ba20054fc","ts":"2025-06-16T01:20:17.688-04:00","eventName":"n8n.node.finished","message":"n8n.node.finished","payload":{"workflowId":"4ZxamzAX31MTs7SB","workflowName":"EVA Agent","executionId":"56","nodeType":"n8n-nodes-base.webhook","nodeName":"Webhook Trigger"}}
{"__type":"$$EventMessageConfirm","confirm":"d90b38da-e73c-4bfa-ae66-0a2ba20054fc","ts":"2025-06-16T01:20:17.688-04:00","source":{"id":"0","name":"eventBus"}}
{"__type":"$$EventMessageNode","id":"2a725fb7-d391-4ad8-8b27-8db302c1d34a","ts":"2025-06-16T01:20:17.689-04:00","eventName":"n8n.node.started","message":"n8n.node.started","payload":{"workflowId":"4ZxamzAX31MTs7SB","workflowName":"EVA Agent","executionId":"56","nodeType":"n8n-nodes-base.function","nodeName":"Format Response"}}
{"__type":"$$EventMessageConfirm","confirm":"2a725fb7-d391-4ad8-8b27-8db302c1d34a","ts":"2025-06-16T01:20:17.689-04:00","source":{"id":"0","name":"eventBus"}}
{"__type":"$$EventMessageNode","id":"b8427b75-ff15-427c-b3d6-655d702094e0","ts":"2025-06-16T01:20:17.710-04:00","eventName":"n8n.node.finished","message":"n8n.node.finished","payload":{"workflowId":"4ZxamzAX31MTs7SB","workflowName":"EVA Agent","executionId":"56","nodeType":"n8n-nodes-base.function","nodeName":"Format Response"}}
{"__type":"$$EventMessageConfirm","confirm":"b8427b75-ff15-427c-b3d6-655d702094e0","ts":"2025-06-16T01:20:17.710-04:00","source":{"id":"0","name":"eventBus"}}
{"__type":"$$EventMessageNode","id":"3f887491-6018-4073-b320-7e80d1a700bd","ts":"2025-06-16T01:20:17.711-04:00","eventName":"n8n.node.started","message":"n8n.node.started","payload":{"workflowId":"4ZxamzAX31MTs7SB","workflowName":"EVA Agent","executionId":"56","nodeType":"n8n-nodes-base.respondToWebhook","nodeName":"Return Response"}}
{"__type":"$$EventMessageConfirm","confirm":"3f887491-6018-4073-b320-7e80d1a700bd","ts":"2025-06-16T01:20:17.711-04:00","source":{"id":"0","name":"eventBus"}}
{"__type":"$$EventMessageNode","id":"6daf2c39-b854-4c62-8228-589c23561a16","ts":"2025-06-16T01:20:17.711-04:00","eventName":"n8n.node.finished","message":"n8n.node.finished","payload":{"workflowId":"4ZxamzAX31MTs7SB","workflowName":"EVA Agent","executionId":"56","nodeType":"n8n-nodes-base.respondToWebhook","nodeName":"Return Response"}}
{"__type":"$$EventMessageConfirm","confirm":"6daf2c39-b854-4c62-8228-589c23561a16","ts":"2025-06-16T01:20:17.711-04:00","source":{"id":"0","name":"eventBus"}}
{"__type":"$$EventMessageWorkflow","id":"4fdbbbbb-e55d-47a2-906b-c1bcb09bb1f0","ts":"2025-06-16T01:20:17.712-04:00","eventName":"n8n.workflow.success","message":"n8n.workflow.success","payload":{"executionId":"56","success":true,"isManual":false,"workflowId":"4ZxamzAX31MTs7SB","workflowName":"EVA Agent"}}
{"__type":"$$EventMessageConfirm","confirm":"4fdbbbbb-e55d-47a2-906b-c1bcb09bb1f0","ts":"2025-06-16T01:20:17.712-04:00","source":{"id":"0","name":"eventBus"}}
{"__type":"$$EventMessageWorkflow","id":"48bb6259-0ac6-43b7-91c5-b19dedf1e08f","ts":"2025-06-16T01:50:09.871-04:00","eventName":"n8n.workflow.started","message":"n8n.workflow.started","payload":{"executionId":"57","workflowId":"4ZxamzAX31MTs7SB","isManual":false,"workflowName":"EVA Agent"}}
{"__type":"$$EventMessageConfirm","confirm":"48bb6259-0ac6-43b7-91c5-b19dedf1e08f","ts":"2025-06-16T01:50:09.872-04:00","source":{"id":"0","name":"eventBus"}}
{"__type":"$$EventMessageNode","id":"65bff829-ff70-49b8-b496-c57b075fcc8e","ts":"2025-06-16T01:50:09.872-04:00","eventName":"n8n.node.started","message":"n8n.node.started","payload":{"workflowId":"4ZxamzAX31MTs7SB","workflowName":"EVA Agent","executionId":"57","nodeType":"n8n-nodes-base.webhook","nodeName":"Webhook Trigger"}}
{"__type":"$$EventMessageConfirm","confirm":"65bff829-ff70-49b8-b496-c57b075fcc8e","ts":"2025-06-16T01:50:09.872-04:00","source":{"id":"0","name":"eventBus"}}
{"__type":"$$EventMessageNode","id":"5a420b1a-a54e-4053-841d-582bad73c8fa","ts":"2025-06-16T01:50:09.872-04:00","eventName":"n8n.node.finished","message":"n8n.node.finished","payload":{"workflowId":"4ZxamzAX31MTs7SB","workflowName":"EVA Agent","executionId":"57","nodeType":"n8n-nodes-base.webhook","nodeName":"Webhook Trigger"}}
{"__type":"$$EventMessageConfirm","confirm":"5a420b1a-a54e-4053-841d-582bad73c8fa","ts":"2025-06-16T01:50:09.872-04:00","source":{"id":"0","name":"eventBus"}}
{"__type":"$$EventMessageNode","id":"bd237d02-8115-4d7b-9d85-86220c132623","ts":"2025-06-16T01:50:09.873-04:00","eventName":"n8n.node.started","message":"n8n.node.started","payload":{"workflowId":"4ZxamzAX31MTs7SB","workflowName":"EVA Agent","executionId":"57","nodeType":"n8n-nodes-base.function","nodeName":"Format Response"}}
{"__type":"$$EventMessageConfirm","confirm":"bd237d02-8115-4d7b-9d85-86220c132623","ts":"2025-06-16T01:50:09.873-04:00","source":{"id":"0","name":"eventBus"}}
{"__type":"$$EventMessageNode","id":"46b79371-3f99-4a58-8b90-f3631a423cb6","ts":"2025-06-16T01:50:09.884-04:00","eventName":"n8n.node.finished","message":"n8n.node.finished","payload":{"workflowId":"4ZxamzAX31MTs7SB","workflowName":"EVA Agent","executionId":"57","nodeType":"n8n-nodes-base.function","nodeName":"Format Response"}}
{"__type":"$$EventMessageConfirm","confirm":"46b79371-3f99-4a58-8b90-f3631a423cb6","ts":"2025-06-16T01:50:09.885-04:00","source":{"id":"0","name":"eventBus"}}
{"__type":"$$EventMessageNode","id":"97f72cff-c940-4b8c-84d9-b56bbac59ff0","ts":"2025-06-16T01:50:09.885-04:00","eventName":"n8n.node.started","message":"n8n.node.started","payload":{"workflowId":"4ZxamzAX31MTs7SB","workflowName":"EVA Agent","executionId":"57","nodeType":"n8n-nodes-base.respondToWebhook","nodeName":"Return Response"}}
{"__type":"$$EventMessageConfirm","confirm":"97f72cff-c940-4b8c-84d9-b56bbac59ff0","ts":"2025-06-16T01:50:09.885-04:00","source":{"id":"0","name":"eventBus"}}
{"__type":"$$EventMessageNode","id":"36598d64-da86-4962-9356-9e8fe07e5dbd","ts":"2025-06-16T01:50:09.886-04:00","eventName":"n8n.node.finished","message":"n8n.node.finished","payload":{"workflowId":"4ZxamzAX31MTs7SB","workflowName":"EVA Agent","executionId":"57","nodeType":"n8n-nodes-base.respondToWebhook","nodeName":"Return Response"}}
{"__type":"$$EventMessageConfirm","confirm":"36598d64-da86-4962-9356-9e8fe07e5dbd","ts":"2025-06-16T01:50:09.886-04:00","source":{"id":"0","name":"eventBus"}}
{"__type":"$$EventMessageWorkflow","id":"6f41fc06-1e6d-400a-af2e-3ddd0c1ba7db","ts":"2025-06-16T01:50:09.886-04:00","eventName":"n8n.workflow.success","message":"n8n.workflow.success","payload":{"executionId":"57","success":true,"isManual":false,"workflowId":"4ZxamzAX31MTs7SB","workflowName":"EVA Agent"}}
{"__type":"$$EventMessageConfirm","confirm":"6f41fc06-1e6d-400a-af2e-3ddd0c1ba7db","ts":"2025-06-16T01:50:09.886-04:00","source":{"id":"0","name":"eventBus"}}
{"__type":"$$EventMessageWorkflow","id":"be43207b-7154-48b1-9fea-2ba07ec6c07a","ts":"2025-06-16T02:29:53.721-04:00","eventName":"n8n.workflow.started","message":"n8n.workflow.started","payload":{"executionId":"58","workflowId":"4ZxamzAX31MTs7SB","isManual":false,"workflowName":"EVA Agent"}}
{"__type":"$$EventMessageConfirm","confirm":"be43207b-7154-48b1-9fea-2ba07ec6c07a","ts":"2025-06-16T02:29:53.722-04:00","source":{"id":"0","name":"eventBus"}}
{"__type":"$$EventMessageNode","id":"8d9e5c78-6a08-45bc-88ae-b5d74b7f6744","ts":"2025-06-16T02:29:53.722-04:00","eventName":"n8n.node.started","message":"n8n.node.started","payload":{"workflowId":"4ZxamzAX31MTs7SB","workflowName":"EVA Agent","executionId":"58","nodeType":"n8n-nodes-base.webhook","nodeName":"Webhook Trigger"}}
{"__type":"$$EventMessageConfirm","confirm":"8d9e5c78-6a08-45bc-88ae-b5d74b7f6744","ts":"2025-06-16T02:29:53.722-04:00","source":{"id":"0","name":"eventBus"}}
{"__type":"$$EventMessageNode","id":"195907cc-429a-4f6d-8398-d24677cb6c53","ts":"2025-06-16T02:29:53.723-04:00","eventName":"n8n.node.finished","message":"n8n.node.finished","payload":{"workflowId":"4ZxamzAX31MTs7SB","workflowName":"EVA Agent","executionId":"58","nodeType":"n8n-nodes-base.webhook","nodeName":"Webhook Trigger"}}
{"__type":"$$EventMessageConfirm","confirm":"195907cc-429a-4f6d-8398-d24677cb6c53","ts":"2025-06-16T02:29:53.723-04:00","source":{"id":"0","name":"eventBus"}}
{"__type":"$$EventMessageNode","id":"165a983a-6bee-4cb8-b29d-c267835c39f4","ts":"2025-06-16T02:29:53.723-04:00","eventName":"n8n.node.started","message":"n8n.node.started","payload":{"workflowId":"4ZxamzAX31MTs7SB","workflowName":"EVA Agent","executionId":"58","nodeType":"n8n-nodes-base.function","nodeName":"Format Response"}}
{"__type":"$$EventMessageConfirm","confirm":"165a983a-6bee-4cb8-b29d-c267835c39f4","ts":"2025-06-16T02:29:53.723-04:00","source":{"id":"0","name":"eventBus"}}
{"__type":"$$EventMessageNode","id":"613e6f33-4cfe-4e84-bc57-2ac0d0f4a2c7","ts":"2025-06-16T02:29:53.734-04:00","eventName":"n8n.node.finished","message":"n8n.node.finished","payload":{"workflowId":"4ZxamzAX31MTs7SB","workflowName":"EVA Agent","executionId":"58","nodeType":"n8n-nodes-base.function","nodeName":"Format Response"}}
{"__type":"$$EventMessageConfirm","confirm":"613e6f33-4cfe-4e84-bc57-2ac0d0f4a2c7","ts":"2025-06-16T02:29:53.734-04:00","source":{"id":"0","name":"eventBus"}}
{"__type":"$$EventMessageNode","id":"ee39d176-a232-4e9d-87d7-d762f9f6d038","ts":"2025-06-16T02:29:53.735-04:00","eventName":"n8n.node.started","message":"n8n.node.started","payload":{"workflowId":"4ZxamzAX31MTs7SB","workflowName":"EVA Agent","executionId":"58","nodeType":"n8n-nodes-base.respondToWebhook","nodeName":"Return Response"}}
{"__type":"$$EventMessageConfirm","confirm":"ee39d176-a232-4e9d-87d7-d762f9f6d038","ts":"2025-06-16T02:29:53.735-04:00","source":{"id":"0","name":"eventBus"}}
{"__type":"$$EventMessageNode","id":"89bf1acb-91f8-4027-9059-bca8d48d00f4","ts":"2025-06-16T02:29:53.736-04:00","eventName":"n8n.node.finished","message":"n8n.node.finished","payload":{"workflowId":"4ZxamzAX31MTs7SB","workflowName":"EVA Agent","executionId":"58","nodeType":"n8n-nodes-base.respondToWebhook","nodeName":"Return Response"}}
{"__type":"$$EventMessageConfirm","confirm":"89bf1acb-91f8-4027-9059-bca8d48d00f4","ts":"2025-06-16T02:29:53.736-04:00","source":{"id":"0","name":"eventBus"}}
{"__type":"$$EventMessageWorkflow","id":"888ca860-b61a-4c03-9e56-a9a6660dd6c2","ts":"2025-06-16T02:29:53.737-04:00","eventName":"n8n.workflow.success","message":"n8n.workflow.success","payload":{"executionId":"58","success":true,"isManual":false,"workflowId":"4ZxamzAX31MTs7SB","workflowName":"EVA Agent"}}
{"__type":"$$EventMessageConfirm","confirm":"888ca860-b61a-4c03-9e56-a9a6660dd6c2","ts":"2025-06-16T02:29:53.737-04:00","source":{"id":"0","name":"eventBus"}}
{"__type":"$$EventMessageWorkflow","id":"ecc823d1-ba2d-4139-acdd-a42e4889d8da","ts":"2025-06-16T02:59:28.233-04:00","eventName":"n8n.workflow.started","message":"n8n.workflow.started","payload":{"executionId":"59","workflowId":"4ZxamzAX31MTs7SB","isManual":false,"workflowName":"EVA Agent"}}
{"__type":"$$EventMessageConfirm","confirm":"ecc823d1-ba2d-4139-acdd-a42e4889d8da","ts":"2025-06-16T02:59:28.233-04:00","source":{"id":"0","name":"eventBus"}}
{"__type":"$$EventMessageNode","id":"9c4a7d3a-8c7d-4f96-a14f-533952bed371","ts":"2025-06-16T02:59:28.234-04:00","eventName":"n8n.node.started","message":"n8n.node.started","payload":{"workflowId":"4ZxamzAX31MTs7SB","workflowName":"EVA Agent","executionId":"59","nodeType":"n8n-nodes-base.webhook","nodeName":"Webhook Trigger"}}
{"__type":"$$EventMessageConfirm","confirm":"9c4a7d3a-8c7d-4f96-a14f-533952bed371","ts":"2025-06-16T02:59:28.234-04:00","source":{"id":"0","name":"eventBus"}}
{"__type":"$$EventMessageNode","id":"3745cca4-d8c2-4fc3-bc1b-80953a5760cc","ts":"2025-06-16T02:59:28.234-04:00","eventName":"n8n.node.finished","message":"n8n.node.finished","payload":{"workflowId":"4ZxamzAX31MTs7SB","workflowName":"EVA Agent","executionId":"59","nodeType":"n8n-nodes-base.webhook","nodeName":"Webhook Trigger"}}
{"__type":"$$EventMessageConfirm","confirm":"3745cca4-d8c2-4fc3-bc1b-80953a5760cc","ts":"2025-06-16T02:59:28.234-04:00","source":{"id":"0","name":"eventBus"}}
{"__type":"$$EventMessageNode","id":"ef28593f-683c-4bb8-94ae-7e95e776ffcb","ts":"2025-06-16T02:59:28.235-04:00","eventName":"n8n.node.started","message":"n8n.node.started","payload":{"workflowId":"4ZxamzAX31MTs7SB","workflowName":"EVA Agent","executionId":"59","nodeType":"n8n-nodes-base.function","nodeName":"Format Response"}}
{"__type":"$$EventMessageConfirm","confirm":"ef28593f-683c-4bb8-94ae-7e95e776ffcb","ts":"2025-06-16T02:59:28.235-04:00","source":{"id":"0","name":"eventBus"}}
{"__type":"$$EventMessageNode","id":"61db3091-a0b9-4831-bf90-230c14fb27db","ts":"2025-06-16T02:59:28.244-04:00","eventName":"n8n.node.finished","message":"n8n.node.finished","payload":{"workflowId":"4ZxamzAX31MTs7SB","workflowName":"EVA Agent","executionId":"59","nodeType":"n8n-nodes-base.function","nodeName":"Format Response"}}
{"__type":"$$EventMessageConfirm","confirm":"61db3091-a0b9-4831-bf90-230c14fb27db","ts":"2025-06-16T02:59:28.244-04:00","source":{"id":"0","name":"eventBus"}}
{"__type":"$$EventMessageNode","id":"20413e29-cd05-4f6e-93eb-a6bdd578bec3","ts":"2025-06-16T02:59:28.244-04:00","eventName":"n8n.node.started","message":"n8n.node.started","payload":{"workflowId":"4ZxamzAX31MTs7SB","workflowName":"EVA Agent","executionId":"59","nodeType":"n8n-nodes-base.respondToWebhook","nodeName":"Return Response"}}
{"__type":"$$EventMessageConfirm","confirm":"20413e29-cd05-4f6e-93eb-a6bdd578bec3","ts":"2025-06-16T02:59:28.244-04:00","source":{"id":"0","name":"eventBus"}}
{"__type":"$$EventMessageNode","id":"9c00d78d-4a54-4110-a3e1-99291e47a005","ts":"2025-06-16T02:59:28.245-04:00","eventName":"n8n.node.finished","message":"n8n.node.finished","payload":{"workflowId":"4ZxamzAX31MTs7SB","workflowName":"EVA Agent","executionId":"59","nodeType":"n8n-nodes-base.respondToWebhook","nodeName":"Return Response"}}
{"__type":"$$EventMessageConfirm","confirm":"9c00d78d-4a54-4110-a3e1-99291e47a005","ts":"2025-06-16T02:59:28.245-04:00","source":{"id":"0","name":"eventBus"}}
{"__type":"$$EventMessageWorkflow","id":"ab3346a1-4b59-4c2c-8bc4-759e5ef88d4e","ts":"2025-06-16T02:59:28.245-04:00","eventName":"n8n.workflow.success","message":"n8n.workflow.success","payload":{"executionId":"59","success":true,"isManual":false,"workflowId":"4ZxamzAX31MTs7SB","workflowName":"EVA Agent"}}
{"__type":"$$EventMessageConfirm","confirm":"ab3346a1-4b59-4c2c-8bc4-759e5ef88d4e","ts":"2025-06-16T02:59:28.246-04:00","source":{"id":"0","name":"eventBus"}}
{"__type":"$$EventMessageWorkflow","id":"cfb4a23b-9613-4127-9546-4c06965fe9b7","ts":"2025-06-16T03:12:04.901-04:00","eventName":"n8n.workflow.started","message":"n8n.workflow.started","payload":{"executionId":"60","workflowId":"4ZxamzAX31MTs7SB","isManual":false,"workflowName":"EVA Agent"}}
{"__type":"$$EventMessageConfirm","confirm":"cfb4a23b-9613-4127-9546-4c06965fe9b7","ts":"2025-06-16T03:12:04.901-04:00","source":{"id":"0","name":"eventBus"}}
{"__type":"$$EventMessageNode","id":"1876da41-a79d-4586-b93f-a994d0dd4494","ts":"2025-06-16T03:12:04.902-04:00","eventName":"n8n.node.started","message":"n8n.node.started","payload":{"workflowId":"4ZxamzAX31MTs7SB","workflowName":"EVA Agent","executionId":"60","nodeType":"n8n-nodes-base.webhook","nodeName":"Webhook Trigger"}}
{"__type":"$$EventMessageConfirm","confirm":"1876da41-a79d-4586-b93f-a994d0dd4494","ts":"2025-06-16T03:12:04.902-04:00","source":{"id":"0","name":"eventBus"}}
{"__type":"$$EventMessageNode","id":"e2008e37-7ca7-4163-b2e7-7068c5eb4654","ts":"2025-06-16T03:12:04.903-04:00","eventName":"n8n.node.finished","message":"n8n.node.finished","payload":{"workflowId":"4ZxamzAX31MTs7SB","workflowName":"EVA Agent","executionId":"60","nodeType":"n8n-nodes-base.webhook","nodeName":"Webhook Trigger"}}
{"__type":"$$EventMessageConfirm","confirm":"e2008e37-7ca7-4163-b2e7-7068c5eb4654","ts":"2025-06-16T03:12:04.903-04:00","source":{"id":"0","name":"eventBus"}}
{"__type":"$$EventMessageNode","id":"fb762c55-7157-4b44-92c1-9f2d96c0c589","ts":"2025-06-16T03:12:04.903-04:00","eventName":"n8n.node.started","message":"n8n.node.started","payload":{"workflowId":"4ZxamzAX31MTs7SB","workflowName":"EVA Agent","executionId":"60","nodeType":"n8n-nodes-base.function","nodeName":"Format Response"}}
{"__type":"$$EventMessageConfirm","confirm":"fb762c55-7157-4b44-92c1-9f2d96c0c589","ts":"2025-06-16T03:12:04.903-04:00","source":{"id":"0","name":"eventBus"}}
{"__type":"$$EventMessageNode","id":"7f098780-6454-4af4-86d5-8376650aa37e","ts":"2025-06-16T03:12:04.922-04:00","eventName":"n8n.node.finished","message":"n8n.node.finished","payload":{"workflowId":"4ZxamzAX31MTs7SB","workflowName":"EVA Agent","executionId":"60","nodeType":"n8n-nodes-base.function","nodeName":"Format Response"}}
{"__type":"$$EventMessageConfirm","confirm":"7f098780-6454-4af4-86d5-8376650aa37e","ts":"2025-06-16T03:12:04.922-04:00","source":{"id":"0","name":"eventBus"}}
{"__type":"$$EventMessageNode","id":"e9b7d6a1-5c5a-4ff7-aea7-cf5f29419030","ts":"2025-06-16T03:12:04.922-04:00","eventName":"n8n.node.started","message":"n8n.node.started","payload":{"workflowId":"4ZxamzAX31MTs7SB","workflowName":"EVA Agent","executionId":"60","nodeType":"n8n-nodes-base.respondToWebhook","nodeName":"Return Response"}}
{"__type":"$$EventMessageConfirm","confirm":"e9b7d6a1-5c5a-4ff7-aea7-cf5f29419030","ts":"2025-06-16T03:12:04.922-04:00","source":{"id":"0","name":"eventBus"}}
{"__type":"$$EventMessageNode","id":"d195a7b8-0593-4508-b1b9-cca95ad93fd6","ts":"2025-06-16T03:12:04.923-04:00","eventName":"n8n.node.finished","message":"n8n.node.finished","payload":{"workflowId":"4ZxamzAX31MTs7SB","workflowName":"EVA Agent","executionId":"60","nodeType":"n8n-nodes-base.respondToWebhook","nodeName":"Return Response"}}
{"__type":"$$EventMessageConfirm","confirm":"d195a7b8-0593-4508-b1b9-cca95ad93fd6","ts":"2025-06-16T03:12:04.923-04:00","source":{"id":"0","name":"eventBus"}}
{"__type":"$$EventMessageWorkflow","id":"c0ec4e89-6065-4df8-adf9-c7911e2bbe0e","ts":"2025-06-16T03:12:04.924-04:00","eventName":"n8n.workflow.success","message":"n8n.workflow.success","payload":{"executionId":"60","success":true,"isManual":false,"workflowId":"4ZxamzAX31MTs7SB","workflowName":"EVA Agent"}}
{"__type":"$$EventMessageConfirm","confirm":"c0ec4e89-6065-4df8-adf9-c7911e2bbe0e","ts":"2025-06-16T03:12:04.924-04:00","source":{"id":"0","name":"eventBus"}}
{"__type":"$$EventMessageWorkflow","id":"9c637334-f48d-4952-8e20-3e1f2f2c786c","ts":"2025-06-16T06:06:47.761-04:00","eventName":"n8n.workflow.started","message":"n8n.workflow.started","payload":{"executionId":"61","workflowId":"4ZxamzAX31MTs7SB","isManual":false,"workflowName":"EVA Agent"}}
{"__type":"$$EventMessageConfirm","confirm":"9c637334-f48d-4952-8e20-3e1f2f2c786c","ts":"2025-06-16T06:06:47.762-04:00","source":{"id":"0","name":"eventBus"}}
{"__type":"$$EventMessageNode","id":"baed00ef-cb5d-43e5-aec2-1bdd0f3a28a5","ts":"2025-06-16T06:06:47.763-04:00","eventName":"n8n.node.started","message":"n8n.node.started","payload":{"workflowId":"4ZxamzAX31MTs7SB","workflowName":"EVA Agent","executionId":"61","nodeType":"n8n-nodes-base.webhook","nodeName":"Webhook Trigger"}}
{"__type":"$$EventMessageConfirm","confirm":"baed00ef-cb5d-43e5-aec2-1bdd0f3a28a5","ts":"2025-06-16T06:06:47.763-04:00","source":{"id":"0","name":"eventBus"}}
{"__type":"$$EventMessageNode","id":"29995a20-37b1-46f2-b325-176ef353331a","ts":"2025-06-16T06:06:47.764-04:00","eventName":"n8n.node.finished","message":"n8n.node.finished","payload":{"workflowId":"4ZxamzAX31MTs7SB","workflowName":"EVA Agent","executionId":"61","nodeType":"n8n-nodes-base.webhook","nodeName":"Webhook Trigger"}}
{"__type":"$$EventMessageConfirm","confirm":"29995a20-37b1-46f2-b325-176ef353331a","ts":"2025-06-16T06:06:47.764-04:00","source":{"id":"0","name":"eventBus"}}
{"__type":"$$EventMessageNode","id":"f357c350-a111-4926-b522-7eb2874ce484","ts":"2025-06-16T06:06:47.764-04:00","eventName":"n8n.node.started","message":"n8n.node.started","payload":{"workflowId":"4ZxamzAX31MTs7SB","workflowName":"EVA Agent","executionId":"61","nodeType":"n8n-nodes-base.function","nodeName":"Format Response"}}
{"__type":"$$EventMessageConfirm","confirm":"f357c350-a111-4926-b522-7eb2874ce484","ts":"2025-06-16T06:06:47.764-04:00","source":{"id":"0","name":"eventBus"}}
{"__type":"$$EventMessageNode","id":"683e8972-da77-436e-87e8-c224c3c0a963","ts":"2025-06-16T06:06:47.777-04:00","eventName":"n8n.node.finished","message":"n8n.node.finished","payload":{"workflowId":"4ZxamzAX31MTs7SB","workflowName":"EVA Agent","executionId":"61","nodeType":"n8n-nodes-base.function","nodeName":"Format Response"}}
{"__type":"$$EventMessageConfirm","confirm":"683e8972-da77-436e-87e8-c224c3c0a963","ts":"2025-06-16T06:06:47.778-04:00","source":{"id":"0","name":"eventBus"}}
{"__type":"$$EventMessageNode","id":"b1edeff5-e42b-45c1-ba25-cadae275abd2","ts":"2025-06-16T06:06:47.778-04:00","eventName":"n8n.node.started","message":"n8n.node.started","payload":{"workflowId":"4ZxamzAX31MTs7SB","workflowName":"EVA Agent","executionId":"61","nodeType":"n8n-nodes-base.respondToWebhook","nodeName":"Return Response"}}
{"__type":"$$EventMessageConfirm","confirm":"b1edeff5-e42b-45c1-ba25-cadae275abd2","ts":"2025-06-16T06:06:47.778-04:00","source":{"id":"0","name":"eventBus"}}
{"__type":"$$EventMessageNode","id":"478f54c6-7424-4384-a577-48433a433c08","ts":"2025-06-16T06:06:47.779-04:00","eventName":"n8n.node.finished","message":"n8n.node.finished","payload":{"workflowId":"4ZxamzAX31MTs7SB","workflowName":"EVA Agent","executionId":"61","nodeType":"n8n-nodes-base.respondToWebhook","nodeName":"Return Response"}}
{"__type":"$$EventMessageConfirm","confirm":"478f54c6-7424-4384-a577-48433a433c08","ts":"2025-06-16T06:06:47.779-04:00","source":{"id":"0","name":"eventBus"}}
{"__type":"$$EventMessageWorkflow","id":"803aba2b-8c00-493d-b122-560a903ace16","ts":"2025-06-16T06:06:47.780-04:00","eventName":"n8n.workflow.success","message":"n8n.workflow.success","payload":{"executionId":"61","success":true,"isManual":false,"workflowId":"4ZxamzAX31MTs7SB","workflowName":"EVA Agent"}}
{"__type":"$$EventMessageConfirm","confirm":"803aba2b-8c00-493d-b122-560a903ace16","ts":"2025-06-16T06:06:47.780-04:00","source":{"id":"0","name":"eventBus"}}
{"__type":"$$EventMessageWorkflow","id":"72bf3704-2856-43d4-9288-91ab65b8a8e0","ts":"2025-06-16T06:15:26.807-04:00","eventName":"n8n.workflow.started","message":"n8n.workflow.started","payload":{"executionId":"62","workflowId":"4ZxamzAX31MTs7SB","isManual":false,"workflowName":"EVA Agent"}}
{"__type":"$$EventMessageConfirm","confirm":"72bf3704-2856-43d4-9288-91ab65b8a8e0","ts":"2025-06-16T06:15:26.808-04:00","source":{"id":"0","name":"eventBus"}}
{"__type":"$$EventMessageNode","id":"187aa6ce-c7f5-422e-9afe-a14f5e6dd683","ts":"2025-06-16T06:15:26.808-04:00","eventName":"n8n.node.started","message":"n8n.node.started","payload":{"workflowId":"4ZxamzAX31MTs7SB","workflowName":"EVA Agent","executionId":"62","nodeType":"n8n-nodes-base.webhook","nodeName":"Webhook Trigger"}}
{"__type":"$$EventMessageConfirm","confirm":"187aa6ce-c7f5-422e-9afe-a14f5e6dd683","ts":"2025-06-16T06:15:26.808-04:00","source":{"id":"0","name":"eventBus"}}
{"__type":"$$EventMessageNode","id":"d949e719-18ae-4260-bbab-b3486e6c7d35","ts":"2025-06-16T06:15:26.808-04:00","eventName":"n8n.node.finished","message":"n8n.node.finished","payload":{"workflowId":"4ZxamzAX31MTs7SB","workflowName":"EVA Agent","executionId":"62","nodeType":"n8n-nodes-base.webhook","nodeName":"Webhook Trigger"}}
{"__type":"$$EventMessageConfirm","confirm":"d949e719-18ae-4260-bbab-b3486e6c7d35","ts":"2025-06-16T06:15:26.809-04:00","source":{"id":"0","name":"eventBus"}}
{"__type":"$$EventMessageNode","id":"1df62689-63c4-436c-8fb6-09d475dfc1a4","ts":"2025-06-16T06:15:26.809-04:00","eventName":"n8n.node.started","message":"n8n.node.started","payload":{"workflowId":"4ZxamzAX31MTs7SB","workflowName":"EVA Agent","executionId":"62","nodeType":"n8n-nodes-base.function","nodeName":"Format Response"}}
{"__type":"$$EventMessageConfirm","confirm":"1df62689-63c4-436c-8fb6-09d475dfc1a4","ts":"2025-06-16T06:15:26.809-04:00","source":{"id":"0","name":"eventBus"}}
{"__type":"$$EventMessageNode","id":"f34d12f8-9c88-4f89-80c3-afcc1a6fee6c","ts":"2025-06-16T06:15:26.815-04:00","eventName":"n8n.node.finished","message":"n8n.node.finished","payload":{"workflowId":"4ZxamzAX31MTs7SB","workflowName":"EVA Agent","executionId":"62","nodeType":"n8n-nodes-base.function","nodeName":"Format Response"}}
{"__type":"$$EventMessageConfirm","confirm":"f34d12f8-9c88-4f89-80c3-afcc1a6fee6c","ts":"2025-06-16T06:15:26.815-04:00","source":{"id":"0","name":"eventBus"}}
{"__type":"$$EventMessageNode","id":"acd3fa97-00d2-44df-8dcd-6899cf995a1c","ts":"2025-06-16T06:15:26.815-04:00","eventName":"n8n.node.started","message":"n8n.node.started","payload":{"workflowId":"4ZxamzAX31MTs7SB","workflowName":"EVA Agent","executionId":"62","nodeType":"n8n-nodes-base.respondToWebhook","nodeName":"Return Response"}}
{"__type":"$$EventMessageConfirm","confirm":"acd3fa97-00d2-44df-8dcd-6899cf995a1c","ts":"2025-06-16T06:15:26.815-04:00","source":{"id":"0","name":"eventBus"}}
{"__type":"$$EventMessageNode","id":"fa9bc33e-93ca-42e7-bc11-ad0de2083437","ts":"2025-06-16T06:15:26.816-04:00","eventName":"n8n.node.finished","message":"n8n.node.finished","payload":{"workflowId":"4ZxamzAX31MTs7SB","workflowName":"EVA Agent","executionId":"62","nodeType":"n8n-nodes-base.respondToWebhook","nodeName":"Return Response"}}
{"__type":"$$EventMessageConfirm","confirm":"fa9bc33e-93ca-42e7-bc11-ad0de2083437","ts":"2025-06-16T06:15:26.816-04:00","source":{"id":"0","name":"eventBus"}}
{"__type":"$$EventMessageWorkflow","id":"2f2907cd-f8b1-435a-8192-3bd828bd69a4","ts":"2025-06-16T06:15:26.816-04:00","eventName":"n8n.workflow.success","message":"n8n.workflow.success","payload":{"executionId":"62","success":true,"isManual":false,"workflowId":"4ZxamzAX31MTs7SB","workflowName":"EVA Agent"}}
{"__type":"$$EventMessageConfirm","confirm":"2f2907cd-f8b1-435a-8192-3bd828bd69a4","ts":"2025-06-16T06:15:26.816-04:00","source":{"id":"0","name":"eventBus"}}
{"__type":"$$EventMessageWorkflow","id":"b542be67-284c-4f7f-a56a-55400f5eb33b","ts":"2025-06-16T06:42:46.744-04:00","eventName":"n8n.workflow.started","message":"n8n.workflow.started","payload":{"executionId":"63","workflowId":"4ZxamzAX31MTs7SB","isManual":false,"workflowName":"EVA Agent"}}
{"__type":"$$EventMessageConfirm","confirm":"b542be67-284c-4f7f-a56a-55400f5eb33b","ts":"2025-06-16T06:42:46.745-04:00","source":{"id":"0","name":"eventBus"}}
{"__type":"$$EventMessageNode","id":"fcfc1257-2f82-4f2f-a623-fc3497b1094c","ts":"2025-06-16T06:42:46.749-04:00","eventName":"n8n.node.started","message":"n8n.node.started","payload":{"workflowId":"4ZxamzAX31MTs7SB","workflowName":"EVA Agent","executionId":"63","nodeType":"n8n-nodes-base.webhook","nodeName":"Webhook Trigger"}}
{"__type":"$$EventMessageConfirm","confirm":"fcfc1257-2f82-4f2f-a623-fc3497b1094c","ts":"2025-06-16T06:42:46.749-04:00","source":{"id":"0","name":"eventBus"}}
{"__type":"$$EventMessageNode","id":"8cc80101-de3f-4fb4-847a-b72d17168bfd","ts":"2025-06-16T06:42:46.750-04:00","eventName":"n8n.node.finished","message":"n8n.node.finished","payload":{"workflowId":"4ZxamzAX31MTs7SB","workflowName":"EVA Agent","executionId":"63","nodeType":"n8n-nodes-base.webhook","nodeName":"Webhook Trigger"}}
{"__type":"$$EventMessageConfirm","confirm":"8cc80101-de3f-4fb4-847a-b72d17168bfd","ts":"2025-06-16T06:42:46.750-04:00","source":{"id":"0","name":"eventBus"}}
{"__type":"$$EventMessageNode","id":"c60edb6e-1af6-434a-a3a4-9e5d87a391d5","ts":"2025-06-16T06:42:46.750-04:00","eventName":"n8n.node.started","message":"n8n.node.started","payload":{"workflowId":"4ZxamzAX31MTs7SB","workflowName":"EVA Agent","executionId":"63","nodeType":"n8n-nodes-base.function","nodeName":"Format Response"}}
{"__type":"$$EventMessageConfirm","confirm":"c60edb6e-1af6-434a-a3a4-9e5d87a391d5","ts":"2025-06-16T06:42:46.750-04:00","source":{"id":"0","name":"eventBus"}}
{"__type":"$$EventMessageNode","id":"2023687f-6545-4991-ba0c-f79aafc41b82","ts":"2025-06-16T06:42:46.757-04:00","eventName":"n8n.node.finished","message":"n8n.node.finished","payload":{"workflowId":"4ZxamzAX31MTs7SB","workflowName":"EVA Agent","executionId":"63","nodeType":"n8n-nodes-base.function","nodeName":"Format Response"}}
{"__type":"$$EventMessageConfirm","confirm":"2023687f-6545-4991-ba0c-f79aafc41b82","ts":"2025-06-16T06:42:46.757-04:00","source":{"id":"0","name":"eventBus"}}
{"__type":"$$EventMessageNode","id":"129ef11f-1c27-4b8d-9713-5c85a9ade678","ts":"2025-06-16T06:42:46.757-04:00","eventName":"n8n.node.started","message":"n8n.node.started","payload":{"workflowId":"4ZxamzAX31MTs7SB","workflowName":"EVA Agent","executionId":"63","nodeType":"n8n-nodes-base.respondToWebhook","nodeName":"Return Response"}}
{"__type":"$$EventMessageConfirm","confirm":"129ef11f-1c27-4b8d-9713-5c85a9ade678","ts":"2025-06-16T06:42:46.757-04:00","source":{"id":"0","name":"eventBus"}}
{"__type":"$$EventMessageNode","id":"cbc5fe44-948e-4727-90cb-5b24d8c837fd","ts":"2025-06-16T06:42:46.758-04:00","eventName":"n8n.node.finished","message":"n8n.node.finished","payload":{"workflowId":"4ZxamzAX31MTs7SB","workflowName":"EVA Agent","executionId":"63","nodeType":"n8n-nodes-base.respondToWebhook","nodeName":"Return Response"}}
{"__type":"$$EventMessageConfirm","confirm":"cbc5fe44-948e-4727-90cb-5b24d8c837fd","ts":"2025-06-16T06:42:46.758-04:00","source":{"id":"0","name":"eventBus"}}
{"__type":"$$EventMessageWorkflow","id":"f440d8dc-8e50-44d4-b1fd-83ea3e0c36a7","ts":"2025-06-16T06:42:46.758-04:00","eventName":"n8n.workflow.success","message":"n8n.workflow.success","payload":{"executionId":"63","success":true,"isManual":false,"workflowId":"4ZxamzAX31MTs7SB","workflowName":"EVA Agent"}}
{"__type":"$$EventMessageConfirm","confirm":"f440d8dc-8e50-44d4-b1fd-83ea3e0c36a7","ts":"2025-06-16T06:42:46.758-04:00","source":{"id":"0","name":"eventBus"}}
{"__type":"$$EventMessageWorkflow","id":"2206f10a-6ba6-4130-971b-ac6bd87c3e14","ts":"2025-06-16T06:43:28.729-04:00","eventName":"n8n.workflow.started","message":"n8n.workflow.started","payload":{"executionId":"64","workflowId":"4ZxamzAX31MTs7SB","isManual":false,"workflowName":"EVA Agent"}}
{"__type":"$$EventMessageConfirm","confirm":"2206f10a-6ba6-4130-971b-ac6bd87c3e14","ts":"2025-06-16T06:43:28.730-04:00","source":{"id":"0","name":"eventBus"}}
{"__type":"$$EventMessageNode","id":"6f1ead38-0fb0-4bca-9a42-c992a62219b4","ts":"2025-06-16T06:43:28.730-04:00","eventName":"n8n.node.started","message":"n8n.node.started","payload":{"workflowId":"4ZxamzAX31MTs7SB","workflowName":"EVA Agent","executionId":"64","nodeType":"n8n-nodes-base.webhook","nodeName":"Webhook Trigger"}}
{"__type":"$$EventMessageConfirm","confirm":"6f1ead38-0fb0-4bca-9a42-c992a62219b4","ts":"2025-06-16T06:43:28.730-04:00","source":{"id":"0","name":"eventBus"}}
{"__type":"$$EventMessageNode","id":"76dd8156-ee6b-4e26-b391-cfbd9665b9c3","ts":"2025-06-16T06:43:28.730-04:00","eventName":"n8n.node.finished","message":"n8n.node.finished","payload":{"workflowId":"4ZxamzAX31MTs7SB","workflowName":"EVA Agent","executionId":"64","nodeType":"n8n-nodes-base.webhook","nodeName":"Webhook Trigger"}}
{"__type":"$$EventMessageConfirm","confirm":"76dd8156-ee6b-4e26-b391-cfbd9665b9c3","ts":"2025-06-16T06:43:28.730-04:00","source":{"id":"0","name":"eventBus"}}
{"__type":"$$EventMessageNode","id":"90102628-193b-463c-b465-382b7d428c34","ts":"2025-06-16T06:43:28.730-04:00","eventName":"n8n.node.started","message":"n8n.node.started","payload":{"workflowId":"4ZxamzAX31MTs7SB","workflowName":"EVA Agent","executionId":"64","nodeType":"n8n-nodes-base.function","nodeName":"Format Response"}}
{"__type":"$$EventMessageConfirm","confirm":"90102628-193b-463c-b465-382b7d428c34","ts":"2025-06-16T06:43:28.730-04:00","source":{"id":"0","name":"eventBus"}}
{"__type":"$$EventMessageNode","id":"adcfa5ab-adc9-4041-b152-30e61833507e","ts":"2025-06-16T06:43:28.740-04:00","eventName":"n8n.node.finished","message":"n8n.node.finished","payload":{"workflowId":"4ZxamzAX31MTs7SB","workflowName":"EVA Agent","executionId":"64","nodeType":"n8n-nodes-base.function","nodeName":"Format Response"}}
{"__type":"$$EventMessageConfirm","confirm":"adcfa5ab-adc9-4041-b152-30e61833507e","ts":"2025-06-16T06:43:28.740-04:00","source":{"id":"0","name":"eventBus"}}
{"__type":"$$EventMessageNode","id":"ff33bc4d-7868-4df6-b543-5c54c8205e1f","ts":"2025-06-16T06:43:28.740-04:00","eventName":"n8n.node.started","message":"n8n.node.started","payload":{"workflowId":"4ZxamzAX31MTs7SB","workflowName":"EVA Agent","executionId":"64","nodeType":"n8n-nodes-base.respondToWebhook","nodeName":"Return Response"}}
{"__type":"$$EventMessageConfirm","confirm":"ff33bc4d-7868-4df6-b543-5c54c8205e1f","ts":"2025-06-16T06:43:28.740-04:00","source":{"id":"0","name":"eventBus"}}
{"__type":"$$EventMessageNode","id":"19d54aac-06d7-4ec7-b59f-3fc311392e9a","ts":"2025-06-16T06:43:28.741-04:00","eventName":"n8n.node.finished","message":"n8n.node.finished","payload":{"workflowId":"4ZxamzAX31MTs7SB","workflowName":"EVA Agent","executionId":"64","nodeType":"n8n-nodes-base.respondToWebhook","nodeName":"Return Response"}}
{"__type":"$$EventMessageConfirm","confirm":"19d54aac-06d7-4ec7-b59f-3fc311392e9a","ts":"2025-06-16T06:43:28.741-04:00","source":{"id":"0","name":"eventBus"}}
{"__type":"$$EventMessageWorkflow","id":"1599f4e2-a3d5-4536-bf24-aa55364ecc65","ts":"2025-06-16T06:43:28.741-04:00","eventName":"n8n.workflow.success","message":"n8n.workflow.success","payload":{"executionId":"64","success":true,"isManual":false,"workflowId":"4ZxamzAX31MTs7SB","workflowName":"EVA Agent"}}
{"__type":"$$EventMessageConfirm","confirm":"1599f4e2-a3d5-4536-bf24-aa55364ecc65","ts":"2025-06-16T06:43:28.741-04:00","source":{"id":"0","name":"eventBus"}}
{"__type":"$$EventMessageWorkflow","id":"6b925e74-5a13-4168-b8cc-ea95f03188f9","ts":"2025-06-16T07:42:03.246-04:00","eventName":"n8n.workflow.started","message":"n8n.workflow.started","payload":{"executionId":"65","workflowId":"4ZxamzAX31MTs7SB","isManual":false,"workflowName":"EVA Agent"}}
{"__type":"$$EventMessageConfirm","confirm":"6b925e74-5a13-4168-b8cc-ea95f03188f9","ts":"2025-06-16T07:42:03.247-04:00","source":{"id":"0","name":"eventBus"}}
{"__type":"$$EventMessageNode","id":"b3998464-fb35-4ded-aff9-f01d6a854f90","ts":"2025-06-16T07:42:03.247-04:00","eventName":"n8n.node.started","message":"n8n.node.started","payload":{"workflowId":"4ZxamzAX31MTs7SB","workflowName":"EVA Agent","executionId":"65","nodeType":"n8n-nodes-base.webhook","nodeName":"Webhook Trigger"}}
{"__type":"$$EventMessageConfirm","confirm":"b3998464-fb35-4ded-aff9-f01d6a854f90","ts":"2025-06-16T07:42:03.247-04:00","source":{"id":"0","name":"eventBus"}}
{"__type":"$$EventMessageNode","id":"806811de-ed59-4193-b54f-48786562c277","ts":"2025-06-16T07:42:03.248-04:00","eventName":"n8n.node.finished","message":"n8n.node.finished","payload":{"workflowId":"4ZxamzAX31MTs7SB","workflowName":"EVA Agent","executionId":"65","nodeType":"n8n-nodes-base.webhook","nodeName":"Webhook Trigger"}}
{"__type":"$$EventMessageConfirm","confirm":"806811de-ed59-4193-b54f-48786562c277","ts":"2025-06-16T07:42:03.248-04:00","source":{"id":"0","name":"eventBus"}}
{"__type":"$$EventMessageNode","id":"7983bd30-1b97-4ab2-bc05-2df9a6d35dcf","ts":"2025-06-16T07:42:03.248-04:00","eventName":"n8n.node.started","message":"n8n.node.started","payload":{"workflowId":"4ZxamzAX31MTs7SB","workflowName":"EVA Agent","executionId":"65","nodeType":"n8n-nodes-base.function","nodeName":"Format Response"}}
{"__type":"$$EventMessageConfirm","confirm":"7983bd30-1b97-4ab2-bc05-2df9a6d35dcf","ts":"2025-06-16T07:42:03.248-04:00","source":{"id":"0","name":"eventBus"}}
{"__type":"$$EventMessageNode","id":"66a5b07e-34f8-4f8d-b8ec-e9a60f92e860","ts":"2025-06-16T07:42:03.257-04:00","eventName":"n8n.node.finished","message":"n8n.node.finished","payload":{"workflowId":"4ZxamzAX31MTs7SB","workflowName":"EVA Agent","executionId":"65","nodeType":"n8n-nodes-base.function","nodeName":"Format Response"}}
{"__type":"$$EventMessageConfirm","confirm":"66a5b07e-34f8-4f8d-b8ec-e9a60f92e860","ts":"2025-06-16T07:42:03.257-04:00","source":{"id":"0","name":"eventBus"}}
{"__type":"$$EventMessageNode","id":"d17a21f5-7153-41c0-bcc9-e3c0f9677585","ts":"2025-06-16T07:42:03.257-04:00","eventName":"n8n.node.started","message":"n8n.node.started","payload":{"workflowId":"4ZxamzAX31MTs7SB","workflowName":"EVA Agent","executionId":"65","nodeType":"n8n-nodes-base.respondToWebhook","nodeName":"Return Response"}}
{"__type":"$$EventMessageConfirm","confirm":"d17a21f5-7153-41c0-bcc9-e3c0f9677585","ts":"2025-06-16T07:42:03.257-04:00","source":{"id":"0","name":"eventBus"}}
{"__type":"$$EventMessageNode","id":"032e0f61-ffab-41b9-bb4b-17e0d5e2ceee","ts":"2025-06-16T07:42:03.257-04:00","eventName":"n8n.node.finished","message":"n8n.node.finished","payload":{"workflowId":"4ZxamzAX31MTs7SB","workflowName":"EVA Agent","executionId":"65","nodeType":"n8n-nodes-base.respondToWebhook","nodeName":"Return Response"}}
{"__type":"$$EventMessageConfirm","confirm":"032e0f61-ffab-41b9-bb4b-17e0d5e2ceee","ts":"2025-06-16T07:42:03.257-04:00","source":{"id":"0","name":"eventBus"}}
{"__type":"$$EventMessageWorkflow","id":"415b3d4f-4005-4eca-90cd-7ab7c3d41db7","ts":"2025-06-16T07:42:03.258-04:00","eventName":"n8n.workflow.success","message":"n8n.workflow.success","payload":{"executionId":"65","success":true,"isManual":false,"workflowId":"4ZxamzAX31MTs7SB","workflowName":"EVA Agent"}}
{"__type":"$$EventMessageConfirm","confirm":"415b3d4f-4005-4eca-90cd-7ab7c3d41db7","ts":"2025-06-16T07:42:03.258-04:00","source":{"id":"0","name":"eventBus"}}
{"__type":"$$EventMessageWorkflow","id":"9fc10a3f-a015-4bef-8245-6df7fe8639fd","ts":"2025-06-16T07:50:01.775-04:00","eventName":"n8n.workflow.started","message":"n8n.workflow.started","payload":{"executionId":"66","workflowId":"4ZxamzAX31MTs7SB","isManual":false,"workflowName":"EVA Agent"}}
{"__type":"$$EventMessageConfirm","confirm":"9fc10a3f-a015-4bef-8245-6df7fe8639fd","ts":"2025-06-16T07:50:01.775-04:00","source":{"id":"0","name":"eventBus"}}
{"__type":"$$EventMessageNode","id":"bb1ff2b4-69f1-47c4-aee5-fbaa7fa281cd","ts":"2025-06-16T07:50:01.775-04:00","eventName":"n8n.node.started","message":"n8n.node.started","payload":{"workflowId":"4ZxamzAX31MTs7SB","workflowName":"EVA Agent","executionId":"66","nodeType":"n8n-nodes-base.webhook","nodeName":"Webhook Trigger"}}
{"__type":"$$EventMessageConfirm","confirm":"bb1ff2b4-69f1-47c4-aee5-fbaa7fa281cd","ts":"2025-06-16T07:50:01.775-04:00","source":{"id":"0","name":"eventBus"}}
{"__type":"$$EventMessageNode","id":"075c8b03-02c7-4716-a0f9-20e43ffc1911","ts":"2025-06-16T07:50:01.776-04:00","eventName":"n8n.node.finished","message":"n8n.node.finished","payload":{"workflowId":"4ZxamzAX31MTs7SB","workflowName":"EVA Agent","executionId":"66","nodeType":"n8n-nodes-base.webhook","nodeName":"Webhook Trigger"}}
{"__type":"$$EventMessageConfirm","confirm":"075c8b03-02c7-4716-a0f9-20e43ffc1911","ts":"2025-06-16T07:50:01.776-04:00","source":{"id":"0","name":"eventBus"}}
{"__type":"$$EventMessageNode","id":"14b64115-a2bc-40df-86a4-4d818b235bd9","ts":"2025-06-16T07:50:01.776-04:00","eventName":"n8n.node.started","message":"n8n.node.started","payload":{"workflowId":"4ZxamzAX31MTs7SB","workflowName":"EVA Agent","executionId":"66","nodeType":"n8n-nodes-base.function","nodeName":"Format Response"}}
{"__type":"$$EventMessageConfirm","confirm":"14b64115-a2bc-40df-86a4-4d818b235bd9","ts":"2025-06-16T07:50:01.776-04:00","source":{"id":"0","name":"eventBus"}}
{"__type":"$$EventMessageNode","id":"61e8c413-674b-4c05-8c9a-c01f1c93c41a","ts":"2025-06-16T07:50:01.787-04:00","eventName":"n8n.node.finished","message":"n8n.node.finished","payload":{"workflowId":"4ZxamzAX31MTs7SB","workflowName":"EVA Agent","executionId":"66","nodeType":"n8n-nodes-base.function","nodeName":"Format Response"}}
{"__type":"$$EventMessageConfirm","confirm":"61e8c413-674b-4c05-8c9a-c01f1c93c41a","ts":"2025-06-16T07:50:01.787-04:00","source":{"id":"0","name":"eventBus"}}
{"__type":"$$EventMessageNode","id":"a251f877-520c-440c-96ab-865b04d70333","ts":"2025-06-16T07:50:01.787-04:00","eventName":"n8n.node.started","message":"n8n.node.started","payload":{"workflowId":"4ZxamzAX31MTs7SB","workflowName":"EVA Agent","executionId":"66","nodeType":"n8n-nodes-base.respondToWebhook","nodeName":"Return Response"}}
{"__type":"$$EventMessageConfirm","confirm":"a251f877-520c-440c-96ab-865b04d70333","ts":"2025-06-16T07:50:01.787-04:00","source":{"id":"0","name":"eventBus"}}
{"__type":"$$EventMessageNode","id":"66839e7b-a61d-462d-89d3-d35fa6d7e0a2","ts":"2025-06-16T07:50:01.788-04:00","eventName":"n8n.node.finished","message":"n8n.node.finished","payload":{"workflowId":"4ZxamzAX31MTs7SB","workflowName":"EVA Agent","executionId":"66","nodeType":"n8n-nodes-base.respondToWebhook","nodeName":"Return Response"}}
{"__type":"$$EventMessageConfirm","confirm":"66839e7b-a61d-462d-89d3-d35fa6d7e0a2","ts":"2025-06-16T07:50:01.788-04:00","source":{"id":"0","name":"eventBus"}}
{"__type":"$$EventMessageWorkflow","id":"f0a29c4c-d160-46bb-bbb9-bbf94de90359","ts":"2025-06-16T07:50:01.788-04:00","eventName":"n8n.workflow.success","message":"n8n.workflow.success","payload":{"executionId":"66","success":true,"isManual":false,"workflowId":"4ZxamzAX31MTs7SB","workflowName":"EVA Agent"}}
{"__type":"$$EventMessageConfirm","confirm":"f0a29c4c-d160-46bb-bbb9-bbf94de90359","ts":"2025-06-16T07:50:01.788-04:00","source":{"id":"0","name":"eventBus"}}
{"__type":"$$EventMessageWorkflow","id":"82abd6e0-5d48-4a3d-9883-2488016473e8","ts":"2025-06-16T07:54:18.857-04:00","eventName":"n8n.workflow.started","message":"n8n.workflow.started","payload":{"executionId":"67","workflowId":"4ZxamzAX31MTs7SB","isManual":false,"workflowName":"EVA Agent"}}
{"__type":"$$EventMessageConfirm","confirm":"82abd6e0-5d48-4a3d-9883-2488016473e8","ts":"2025-06-16T07:54:18.857-04:00","source":{"id":"0","name":"eventBus"}}
{"__type":"$$EventMessageNode","id":"2c830553-f4af-449c-af36-f18ff7237737","ts":"2025-06-16T07:54:18.858-04:00","eventName":"n8n.node.started","message":"n8n.node.started","payload":{"workflowId":"4ZxamzAX31MTs7SB","workflowName":"EVA Agent","executionId":"67","nodeType":"n8n-nodes-base.webhook","nodeName":"Webhook Trigger"}}
{"__type":"$$EventMessageConfirm","confirm":"2c830553-f4af-449c-af36-f18ff7237737","ts":"2025-06-16T07:54:18.858-04:00","source":{"id":"0","name":"eventBus"}}
{"__type":"$$EventMessageNode","id":"34efafe2-dabb-4049-87c9-2edd741c61f1","ts":"2025-06-16T07:54:18.858-04:00","eventName":"n8n.node.finished","message":"n8n.node.finished","payload":{"workflowId":"4ZxamzAX31MTs7SB","workflowName":"EVA Agent","executionId":"67","nodeType":"n8n-nodes-base.webhook","nodeName":"Webhook Trigger"}}
{"__type":"$$EventMessageConfirm","confirm":"34efafe2-dabb-4049-87c9-2edd741c61f1","ts":"2025-06-16T07:54:18.858-04:00","source":{"id":"0","name":"eventBus"}}
{"__type":"$$EventMessageNode","id":"f543c0bd-9652-4fc4-9630-b11a47dda51c","ts":"2025-06-16T07:54:18.858-04:00","eventName":"n8n.node.started","message":"n8n.node.started","payload":{"workflowId":"4ZxamzAX31MTs7SB","workflowName":"EVA Agent","executionId":"67","nodeType":"n8n-nodes-base.function","nodeName":"Format Response"}}
{"__type":"$$EventMessageConfirm","confirm":"f543c0bd-9652-4fc4-9630-b11a47dda51c","ts":"2025-06-16T07:54:18.858-04:00","source":{"id":"0","name":"eventBus"}}
{"__type":"$$EventMessageNode","id":"233205f0-6b08-4448-9f8f-58804028d18c","ts":"2025-06-16T07:54:18.869-04:00","eventName":"n8n.node.finished","message":"n8n.node.finished","payload":{"workflowId":"4ZxamzAX31MTs7SB","workflowName":"EVA Agent","executionId":"67","nodeType":"n8n-nodes-base.function","nodeName":"Format Response"}}
{"__type":"$$EventMessageConfirm","confirm":"233205f0-6b08-4448-9f8f-58804028d18c","ts":"2025-06-16T07:54:18.869-04:00","source":{"id":"0","name":"eventBus"}}
{"__type":"$$EventMessageNode","id":"6d13e936-e6bf-4b12-a8bb-f06f5bc42831","ts":"2025-06-16T07:54:18.869-04:00","eventName":"n8n.node.started","message":"n8n.node.started","payload":{"workflowId":"4ZxamzAX31MTs7SB","workflowName":"EVA Agent","executionId":"67","nodeType":"n8n-nodes-base.respondToWebhook","nodeName":"Return Response"}}
{"__type":"$$EventMessageConfirm","confirm":"6d13e936-e6bf-4b12-a8bb-f06f5bc42831","ts":"2025-06-16T07:54:18.869-04:00","source":{"id":"0","name":"eventBus"}}
{"__type":"$$EventMessageNode","id":"aa294444-5341-4e85-aaa6-e2ad6e99385c","ts":"2025-06-16T07:54:18.869-04:00","eventName":"n8n.node.finished","message":"n8n.node.finished","payload":{"workflowId":"4ZxamzAX31MTs7SB","workflowName":"EVA Agent","executionId":"67","nodeType":"n8n-nodes-base.respondToWebhook","nodeName":"Return Response"}}
{"__type":"$$EventMessageConfirm","confirm":"aa294444-5341-4e85-aaa6-e2ad6e99385c","ts":"2025-06-16T07:54:18.869-04:00","source":{"id":"0","name":"eventBus"}}
{"__type":"$$EventMessageWorkflow","id":"0b6232e6-8089-4aea-9854-9d1e88633572","ts":"2025-06-16T07:54:18.869-04:00","eventName":"n8n.workflow.success","message":"n8n.workflow.success","payload":{"executionId":"67","success":true,"isManual":false,"workflowId":"4ZxamzAX31MTs7SB","workflowName":"EVA Agent"}}
{"__type":"$$EventMessageConfirm","confirm":"0b6232e6-8089-4aea-9854-9d1e88633572","ts":"2025-06-16T07:54:18.870-04:00","source":{"id":"0","name":"eventBus"}}
{"__type":"$$EventMessageWorkflow","id":"9819b98c-f6a7-43ef-9ecd-40de763391f0","ts":"2025-06-16T08:01:31.693-04:00","eventName":"n8n.workflow.started","message":"n8n.workflow.started","payload":{"executionId":"68","workflowId":"4ZxamzAX31MTs7SB","isManual":false,"workflowName":"EVA Agent"}}
{"__type":"$$EventMessageConfirm","confirm":"9819b98c-f6a7-43ef-9ecd-40de763391f0","ts":"2025-06-16T08:01:31.693-04:00","source":{"id":"0","name":"eventBus"}}
{"__type":"$$EventMessageNode","id":"b6563c24-4be8-4975-849d-a4c1145e54e5","ts":"2025-06-16T08:01:31.693-04:00","eventName":"n8n.node.started","message":"n8n.node.started","payload":{"workflowId":"4ZxamzAX31MTs7SB","workflowName":"EVA Agent","executionId":"68","nodeType":"n8n-nodes-base.webhook","nodeName":"Webhook Trigger"}}
{"__type":"$$EventMessageConfirm","confirm":"b6563c24-4be8-4975-849d-a4c1145e54e5","ts":"2025-06-16T08:01:31.693-04:00","source":{"id":"0","name":"eventBus"}}
{"__type":"$$EventMessageNode","id":"43da7db2-a9f1-4747-8f95-dac18f2848b2","ts":"2025-06-16T08:01:31.693-04:00","eventName":"n8n.node.finished","message":"n8n.node.finished","payload":{"workflowId":"4ZxamzAX31MTs7SB","workflowName":"EVA Agent","executionId":"68","nodeType":"n8n-nodes-base.webhook","nodeName":"Webhook Trigger"}}
{"__type":"$$EventMessageConfirm","confirm":"43da7db2-a9f1-4747-8f95-dac18f2848b2","ts":"2025-06-16T08:01:31.694-04:00","source":{"id":"0","name":"eventBus"}}
{"__type":"$$EventMessageNode","id":"5f6a6ad6-9356-4e8c-9fd0-6c15e8b61b86","ts":"2025-06-16T08:01:31.694-04:00","eventName":"n8n.node.started","message":"n8n.node.started","payload":{"workflowId":"4ZxamzAX31MTs7SB","workflowName":"EVA Agent","executionId":"68","nodeType":"n8n-nodes-base.function","nodeName":"Format Response"}}
{"__type":"$$EventMessageConfirm","confirm":"5f6a6ad6-9356-4e8c-9fd0-6c15e8b61b86","ts":"2025-06-16T08:01:31.694-04:00","source":{"id":"0","name":"eventBus"}}
{"__type":"$$EventMessageNode","id":"46642f67-34be-47f2-956a-00af2f2ebab5","ts":"2025-06-16T08:01:31.703-04:00","eventName":"n8n.node.finished","message":"n8n.node.finished","payload":{"workflowId":"4ZxamzAX31MTs7SB","workflowName":"EVA Agent","executionId":"68","nodeType":"n8n-nodes-base.function","nodeName":"Format Response"}}
{"__type":"$$EventMessageConfirm","confirm":"46642f67-34be-47f2-956a-00af2f2ebab5","ts":"2025-06-16T08:01:31.703-04:00","source":{"id":"0","name":"eventBus"}}
{"__type":"$$EventMessageNode","id":"203e5f7b-7654-42b4-8c75-be25663fb727","ts":"2025-06-16T08:01:31.703-04:00","eventName":"n8n.node.started","message":"n8n.node.started","payload":{"workflowId":"4ZxamzAX31MTs7SB","workflowName":"EVA Agent","executionId":"68","nodeType":"n8n-nodes-base.respondToWebhook","nodeName":"Return Response"}}
{"__type":"$$EventMessageConfirm","confirm":"203e5f7b-7654-42b4-8c75-be25663fb727","ts":"2025-06-16T08:01:31.703-04:00","source":{"id":"0","name":"eventBus"}}
{"__type":"$$EventMessageNode","id":"91ebd1c9-913c-4ea0-beb4-51c0edfe7afa","ts":"2025-06-16T08:01:31.704-04:00","eventName":"n8n.node.finished","message":"n8n.node.finished","payload":{"workflowId":"4ZxamzAX31MTs7SB","workflowName":"EVA Agent","executionId":"68","nodeType":"n8n-nodes-base.respondToWebhook","nodeName":"Return Response"}}
{"__type":"$$EventMessageConfirm","confirm":"91ebd1c9-913c-4ea0-beb4-51c0edfe7afa","ts":"2025-06-16T08:01:31.704-04:00","source":{"id":"0","name":"eventBus"}}
{"__type":"$$EventMessageWorkflow","id":"06c7881b-a654-4ca8-a142-3b37d73a576a","ts":"2025-06-16T08:01:31.704-04:00","eventName":"n8n.workflow.success","message":"n8n.workflow.success","payload":{"executionId":"68","success":true,"isManual":false,"workflowId":"4ZxamzAX31MTs7SB","workflowName":"EVA Agent"}}
{"__type":"$$EventMessageConfirm","confirm":"06c7881b-a654-4ca8-a142-3b37d73a576a","ts":"2025-06-16T08:01:31.704-04:00","source":{"id":"0","name":"eventBus"}}
{"__type":"$$EventMessageWorkflow","id":"4346a81f-29b7-472c-a45f-531c0f05dc80","ts":"2025-06-16T08:43:35.741-04:00","eventName":"n8n.workflow.started","message":"n8n.workflow.started","payload":{"executionId":"69","workflowId":"4ZxamzAX31MTs7SB","isManual":false,"workflowName":"EVA Agent"}}
{"__type":"$$EventMessageConfirm","confirm":"4346a81f-29b7-472c-a45f-531c0f05dc80","ts":"2025-06-16T08:43:35.742-04:00","source":{"id":"0","name":"eventBus"}}
{"__type":"$$EventMessageNode","id":"db09ce78-e998-49c1-a02b-58f051040b23","ts":"2025-06-16T08:43:35.743-04:00","eventName":"n8n.node.started","message":"n8n.node.started","payload":{"workflowId":"4ZxamzAX31MTs7SB","workflowName":"EVA Agent","executionId":"69","nodeType":"n8n-nodes-base.webhook","nodeName":"Webhook Trigger"}}
{"__type":"$$EventMessageConfirm","confirm":"db09ce78-e998-49c1-a02b-58f051040b23","ts":"2025-06-16T08:43:35.743-04:00","source":{"id":"0","name":"eventBus"}}
{"__type":"$$EventMessageNode","id":"21eec900-b4c8-42f1-8bf2-38cbdb215459","ts":"2025-06-16T08:43:35.744-04:00","eventName":"n8n.node.finished","message":"n8n.node.finished","payload":{"workflowId":"4ZxamzAX31MTs7SB","workflowName":"EVA Agent","executionId":"69","nodeType":"n8n-nodes-base.webhook","nodeName":"Webhook Trigger"}}
{"__type":"$$EventMessageConfirm","confirm":"21eec900-b4c8-42f1-8bf2-38cbdb215459","ts":"2025-06-16T08:43:35.744-04:00","source":{"id":"0","name":"eventBus"}}
{"__type":"$$EventMessageNode","id":"f0727e83-41f0-49a9-8f7d-807728a2d4bb","ts":"2025-06-16T08:43:35.744-04:00","eventName":"n8n.node.started","message":"n8n.node.started","payload":{"workflowId":"4ZxamzAX31MTs7SB","workflowName":"EVA Agent","executionId":"69","nodeType":"n8n-nodes-base.function","nodeName":"Format Response"}}
{"__type":"$$EventMessageConfirm","confirm":"f0727e83-41f0-49a9-8f7d-807728a2d4bb","ts":"2025-06-16T08:43:35.744-04:00","source":{"id":"0","name":"eventBus"}}
{"__type":"$$EventMessageNode","id":"da9cdb2d-6926-4f71-b0cf-2d28f8df786c","ts":"2025-06-16T08:43:35.764-04:00","eventName":"n8n.node.finished","message":"n8n.node.finished","payload":{"workflowId":"4ZxamzAX31MTs7SB","workflowName":"EVA Agent","executionId":"69","nodeType":"n8n-nodes-base.function","nodeName":"Format Response"}}
{"__type":"$$EventMessageConfirm","confirm":"da9cdb2d-6926-4f71-b0cf-2d28f8df786c","ts":"2025-06-16T08:43:35.765-04:00","source":{"id":"0","name":"eventBus"}}
{"__type":"$$EventMessageNode","id":"b871f942-2b58-4fbc-bac7-608ff93046bd","ts":"2025-06-16T08:43:35.765-04:00","eventName":"n8n.node.started","message":"n8n.node.started","payload":{"workflowId":"4ZxamzAX31MTs7SB","workflowName":"EVA Agent","executionId":"69","nodeType":"n8n-nodes-base.respondToWebhook","nodeName":"Return Response"}}
{"__type":"$$EventMessageConfirm","confirm":"b871f942-2b58-4fbc-bac7-608ff93046bd","ts":"2025-06-16T08:43:35.765-04:00","source":{"id":"0","name":"eventBus"}}
{"__type":"$$EventMessageNode","id":"ca688532-def3-4996-8fef-ab7a1a19d1f6","ts":"2025-06-16T08:43:35.766-04:00","eventName":"n8n.node.finished","message":"n8n.node.finished","payload":{"workflowId":"4ZxamzAX31MTs7SB","workflowName":"EVA Agent","executionId":"69","nodeType":"n8n-nodes-base.respondToWebhook","nodeName":"Return Response"}}
{"__type":"$$EventMessageConfirm","confirm":"ca688532-def3-4996-8fef-ab7a1a19d1f6","ts":"2025-06-16T08:43:35.766-04:00","source":{"id":"0","name":"eventBus"}}
{"__type":"$$EventMessageWorkflow","id":"0523be5e-0106-4cd0-869b-361516d2f492","ts":"2025-06-16T08:43:35.767-04:00","eventName":"n8n.workflow.success","message":"n8n.workflow.success","payload":{"executionId":"69","success":true,"isManual":false,"workflowId":"4ZxamzAX31MTs7SB","workflowName":"EVA Agent"}}
{"__type":"$$EventMessageConfirm","confirm":"0523be5e-0106-4cd0-869b-361516d2f492","ts":"2025-06-16T08:43:35.767-04:00","source":{"id":"0","name":"eventBus"}}
